2025-12-12 23:30:39,480 - INFO: ============================================================
2025-12-12 23:30:39,480 - INFO: 开始爬取 VALORANT Champions 2024 数据
2025-12-12 23:30:39,480 - INFO: ============================================================
2025-12-12 23:30:39,480 - INFO: 获取比赛列表第 1 页: https://www.vlr.gg/event/matches/1657/?page=1
2025-12-12 23:30:43,285 - INFO: 第 1 页找到 34 个比赛
2025-12-12 23:30:46,367 - INFO: 获取比赛列表第 2 页: https://www.vlr.gg/event/matches/1657/?page=2
2025-12-12 23:30:48,082 - INFO: 第 2 页找到 34 个比赛
2025-12-12 23:30:50,330 - INFO: 获取比赛列表第 3 页: https://www.vlr.gg/event/matches/1657/?page=3
2025-12-12 23:30:51,271 - INFO: 第 3 页找到 34 个比赛
2025-12-12 23:30:54,993 - INFO: 获取比赛列表第 4 页: https://www.vlr.gg/event/matches/1657/?page=4
2025-12-12 23:30:56,697 - INFO: 第 4 页找到 34 个比赛
2025-12-12 23:30:59,359 - INFO: 获取比赛列表第 5 页: https://www.vlr.gg/event/matches/1657/?page=5
2025-12-12 23:31:00,944 - INFO: 第 5 页找到 34 个比赛
2025-12-12 23:31:03,772 - INFO: 共找到 170 场比赛
2025-12-12 23:31:03,774 - INFO: [1/50] 爬取: Team Liquid0
2025-12-12 23:31:03,774 - INFO: 解析比赛: https://www.vlr.gg/247100/team-liquid-vs-natus-vincere-valorant-champions-2023-group-stage-opening-d
2025-12-12 23:31:10,803 - INFO: 队伍: ['Team Liquid', 'Natus Vincere']
2025-12-12 23:31:10,842 - INFO: 找到 3 个统计区域
2025-12-12 23:31:10,843 - WARNING: 无法提取地图名: Fracture:55
2025-12-12 23:31:10,846 - WARNING: 无法提取地图名: Bind:57
2025-12-12 23:31:10,898 - INFO:   成功：0张地图，0条选手记录
2025-12-12 23:31:10,898 - INFO:   等待 5.3 秒...
2025-12-12 23:31:16,160 - INFO: [2/50] 爬取: DRX2
2025-12-12 23:31:16,161 - INFO: 解析比赛: https://www.vlr.gg/247101/drx-vs-loud-valorant-champions-2023-group-stage-opening-d
2025-12-12 23:31:22,088 - INFO: 队伍: ['DRX', 'LOUD']
2025-12-12 23:31:22,131 - INFO: 找到 4 个统计区域
2025-12-12 23:31:22,131 - WARNING: 无法提取地图名: Lotus:19
2025-12-12 23:31:22,135 - INFO: 处理地图 1: Split
2025-12-12 23:31:22,141 - INFO: 处理地图 2: Ascent
2025-12-12 23:31:22,208 - INFO: 选手数据保存: data/2024/raw/players_247101_20251212_233122.csv，共 20 条记录
2025-12-12 23:31:22,210 - INFO:   成功：2张地图，20条选手记录
2025-12-12 23:31:22,210 - INFO:   等待 8.1 秒...
2025-12-12 23:37:26,731 - INFO: ============================================================
2025-12-12 23:37:26,731 - INFO: 开始爬取 VALORANT Champions 2024 数据
2025-12-12 23:37:26,731 - INFO: ============================================================
2025-12-12 23:37:26,731 - INFO: 获取比赛列表第 1 页: https://www.vlr.gg/event/matches/1657/?page=1
2025-12-12 23:37:27,797 - INFO: 第 1 页找到 34 个比赛
2025-12-12 23:37:31,205 - INFO: 获取比赛列表第 2 页: https://www.vlr.gg/event/matches/1657/?page=2
2025-12-12 23:37:31,500 - INFO: 第 2 页找到 34 个比赛
2025-12-12 23:37:34,096 - INFO: 获取比赛列表第 3 页: https://www.vlr.gg/event/matches/1657/?page=3
2025-12-12 23:37:36,628 - INFO: 第 3 页找到 34 个比赛
2025-12-12 23:37:39,130 - INFO: 获取比赛列表第 4 页: https://www.vlr.gg/event/matches/1657/?page=4
2025-12-12 23:37:40,837 - INFO: 第 4 页找到 34 个比赛
2025-12-12 23:37:43,164 - INFO: 获取比赛列表第 5 页: https://www.vlr.gg/event/matches/1657/?page=5
2025-12-12 23:37:43,946 - INFO: 第 5 页找到 34 个比赛
2025-12-12 23:37:46,608 - INFO: 共找到 170 场比赛
2025-12-12 23:37:46,608 - INFO: [1/34] 爬取: Team Liquid0
2025-12-12 23:37:46,608 - INFO: 解析比赛: https://www.vlr.gg/247100/team-liquid-vs-natus-vincere-valorant-champions-2023-group-stage-opening-d
2025-12-12 23:37:53,149 - INFO: 队伍: ['Team Liquid', 'Natus Vincere']
2025-12-12 23:37:53,190 - INFO: 找到 3 个统计区域
2025-12-12 23:37:53,191 - INFO: 处理地图 1: Fracture
2025-12-12 23:37:53,200 - INFO: 处理地图 2: Bind
2025-12-12 23:37:53,263 - INFO: 选手数据保存: data/2024/raw/players_247100_20251212_233753.csv，共 20 条记录
2025-12-12 23:37:53,265 - INFO:   成功：2张地图，20条选手记录
2025-12-12 23:37:53,266 - INFO:   等待 5.3 秒...
2025-12-12 23:37:58,521 - INFO: [2/34] 爬取: DRX2
2025-12-12 23:37:58,521 - INFO: 解析比赛: https://www.vlr.gg/247101/drx-vs-loud-valorant-champions-2023-group-stage-opening-d
2025-12-12 23:38:05,111 - INFO: 队伍: ['DRX', 'LOUD']
2025-12-12 23:38:05,155 - INFO: 找到 4 个统计区域
2025-12-12 23:38:05,156 - INFO: 处理地图 1: Lotus
2025-12-12 23:38:05,166 - INFO: 处理地图 2: Split
2025-12-12 23:38:05,172 - INFO: 处理地图 3: Ascent
2025-12-12 23:38:05,241 - INFO: 选手数据保存: data/2024/raw/players_247101_20251212_233805.csv，共 30 条记录
2025-12-12 23:38:05,251 - INFO:   成功：3张地图，30条选手记录
2025-12-12 23:38:05,251 - INFO:   等待 8.2 秒...
2025-12-12 23:38:13,467 - INFO: [3/34] 爬取: FUT Esports2
2025-12-12 23:38:13,468 - INFO: 解析比赛: https://www.vlr.gg/247087/fut-esports-vs-t1-valorant-champions-2023-group-stage-opening-b
2025-12-12 23:38:18,701 - INFO: 队伍: ['FUT Esports', 'T1']
2025-12-12 23:38:18,733 - INFO: 找到 3 个统计区域
2025-12-12 23:38:18,734 - INFO: 处理地图 1: Pearl
2025-12-12 23:38:18,743 - INFO: 处理地图 2: Haven
2025-12-12 23:38:18,797 - INFO: 选手数据保存: data/2024/raw/players_247087_20251212_233818.csv，共 20 条记录
2025-12-12 23:38:18,803 - INFO:   成功：2张地图，20条选手记录
2025-12-12 23:38:18,803 - INFO:   等待 5.9 秒...
2025-12-12 23:38:24,702 - INFO: [4/34] 爬取: Evil Geniuses2
2025-12-12 23:38:24,703 - INFO: 解析比赛: https://www.vlr.gg/247086/evil-geniuses-vs-funplus-phoenix-valorant-champions-2023-group-stage-opening-b
2025-12-12 23:38:29,251 - INFO: 队伍: ['Evil Geniuses', 'FunPlus Phoenix']
2025-12-12 23:38:29,279 - INFO: 找到 3 个统计区域
2025-12-12 23:38:29,279 - INFO: 处理地图 1: Ascent
2025-12-12 23:38:29,288 - INFO: 处理地图 2: Pearl
2025-12-12 23:38:29,339 - INFO: 选手数据保存: data/2024/raw/players_247086_20251212_233829.csv，共 20 条记录
2025-12-12 23:38:29,346 - INFO:   成功：2张地图，20条选手记录
2025-12-12 23:38:29,346 - INFO:   等待 5.0 秒...
2025-12-12 23:38:34,350 - INFO: [5/34] 爬取: Natus Vincere1
2025-12-12 23:38:34,351 - INFO: 解析比赛: https://www.vlr.gg/247102/natus-vincere-vs-drx-valorant-champions-2023-group-stage-winners-d
2025-12-12 23:38:38,897 - INFO: 队伍: ['Natus Vincere', 'DRX']
2025-12-12 23:38:38,932 - INFO: 找到 4 个统计区域
2025-12-12 23:38:38,932 - INFO: 处理地图 1: Bind
2025-12-12 23:38:38,942 - INFO: 处理地图 2: Split
2025-12-12 23:38:38,949 - INFO: 处理地图 3: Lotus
2025-12-12 23:38:39,011 - INFO: 选手数据保存: data/2024/raw/players_247102_20251212_233839.csv，共 30 条记录
2025-12-12 23:38:39,017 - INFO:   成功：3张地图，30条选手记录
2025-12-12 23:38:39,017 - INFO:   等待 6.9 秒...
2025-12-12 23:38:45,908 - INFO: [6/34] 爬取: NRG0
2025-12-12 23:38:45,908 - INFO: 解析比赛: https://www.vlr.gg/247094/nrg-esports-vs-bilibili-gaming-valorant-champions-2023-group-stage-opening-c
2025-12-12 23:38:53,502 - INFO: 队伍: ['NRG', 'Bilibili Gaming']
2025-12-12 23:38:53,560 - INFO: 找到 3 个统计区域
2025-12-12 23:38:53,561 - INFO: 处理地图 1: Lotus
2025-12-12 23:38:53,570 - INFO: 处理地图 2: Split
2025-12-12 23:38:53,652 - INFO: 选手数据保存: data/2024/raw/players_247094_20251212_233853.csv，共 20 条记录
2025-12-12 23:38:53,659 - INFO:   成功：2张地图，20条选手记录
2025-12-12 23:38:53,659 - INFO:   等待 6.3 秒...
2025-12-12 23:38:59,962 - INFO: [7/34] 爬取: FNATIC2
2025-12-12 23:38:59,962 - INFO: 解析比赛: https://www.vlr.gg/247093/fnatic-vs-zeta-division-valorant-champions-2023-group-stage-opening-c
2025-12-12 23:39:03,038 - INFO: 队伍: ['FNATIC', 'ZETA DIVISION']
2025-12-12 23:39:03,069 - INFO: 找到 3 个统计区域
2025-12-12 23:39:03,070 - INFO: 处理地图 1: Fracture
2025-12-12 23:39:03,080 - INFO: 处理地图 2: Haven
2025-12-12 23:39:03,141 - INFO: 选手数据保存: data/2024/raw/players_247093_20251212_233903.csv，共 20 条记录
2025-12-12 23:39:03,149 - INFO:   成功：2张地图，20条选手记录
2025-12-12 23:39:03,150 - INFO:   等待 9.0 秒...
2025-12-12 23:39:12,104 - INFO: [8/34] 爬取: Evil Geniuses2
2025-12-12 23:39:12,104 - INFO: 解析比赛: https://www.vlr.gg/247088/evil-geniuses-vs-fut-esports-valorant-champions-2023-group-stage-winners-b
2025-12-12 23:39:16,790 - INFO: 队伍: ['Evil Geniuses', 'FUT Esports']
2025-12-12 23:39:16,823 - INFO: 找到 3 个统计区域
2025-12-12 23:39:16,823 - INFO: 处理地图 1: Pearl
2025-12-12 23:39:16,833 - INFO: 处理地图 2: Bind
2025-12-12 23:39:16,886 - INFO: 选手数据保存: data/2024/raw/players_247088_20251212_233916.csv，共 20 条记录
2025-12-12 23:39:16,893 - INFO:   成功：2张地图，20条选手记录
2025-12-12 23:39:16,893 - INFO:   等待 7.9 秒...
2025-12-12 23:39:24,791 - INFO: [9/34] 爬取: Paper Rex2
2025-12-12 23:39:24,791 - INFO: 解析比赛: https://www.vlr.gg/247075/paper-rex-vs-kr-esports-valorant-champions-2023-group-stage-opening-a
2025-12-12 23:39:32,037 - INFO: 队伍: ['Paper Rex', 'KRÜ Esports']
2025-12-12 23:39:32,101 - INFO: 找到 3 个统计区域
2025-12-12 23:39:32,102 - INFO: 处理地图 1: Split
2025-12-12 23:39:32,111 - INFO: 处理地图 2: Pearl
2025-12-12 23:39:32,187 - INFO: 选手数据保存: data/2024/raw/players_247075_20251212_233932.csv，共 20 条记录
2025-12-12 23:39:32,193 - INFO:   成功：2张地图，20条选手记录
2025-12-12 23:39:32,194 - INFO:   等待 6.7 秒...
2025-12-12 23:39:38,856 - INFO: [10/34] 爬取: EDward Gaming2
2025-12-12 23:39:38,856 - INFO: 解析比赛: https://www.vlr.gg/247076/edward-gaming-vs-giants-gaming-valorant-champions-2023-group-stage-opening-a
2025-12-12 23:39:45,598 - INFO: 队伍: ['EDward Gaming', 'Giants Gaming']
2025-12-12 23:39:45,639 - INFO: 找到 4 个统计区域
2025-12-12 23:39:45,639 - INFO: 处理地图 1: Split
2025-12-12 23:39:45,649 - INFO: 处理地图 2: Bind
2025-12-12 23:39:45,655 - INFO: 处理地图 3: Ascent
2025-12-12 23:39:45,723 - INFO: 选手数据保存: data/2024/raw/players_247076_20251212_233945.csv，共 30 条记录
2025-12-12 23:39:45,731 - INFO:   成功：3张地图，30条选手记录
2025-12-12 23:39:45,731 - INFO:   等待 9.9 秒...
2025-12-12 23:39:55,598 - INFO: [11/34] 爬取: FNATIC2
2025-12-12 23:39:55,599 - INFO: 解析比赛: https://www.vlr.gg/247095/fnatic-vs-bilibili-gaming-valorant-champions-2023-group-stage-winners-c
2025-12-12 23:40:01,107 - INFO: 队伍: ['FNATIC', 'Bilibili Gaming']
2025-12-12 23:40:01,134 - INFO: 找到 3 个统计区域
2025-12-12 23:40:01,134 - INFO: 处理地图 1: Haven
2025-12-12 23:40:01,144 - INFO: 处理地图 2: Lotus
2025-12-12 23:40:01,191 - INFO: 选手数据保存: data/2024/raw/players_247095_20251212_234001.csv，共 20 条记录
2025-12-12 23:40:01,201 - INFO:   成功：2张地图，20条选手记录
2025-12-12 23:40:01,201 - INFO:   等待 7.9 秒...
2025-12-12 23:40:09,125 - INFO: [12/34] 爬取: Team Liquid0
2025-12-12 23:40:09,126 - INFO: 解析比赛: https://www.vlr.gg/247103/team-liquid-vs-loud-valorant-champions-2023-group-stage-elim-d
2025-12-12 23:40:11,870 - INFO: 队伍: ['Team Liquid', 'LOUD']
2025-12-12 23:40:11,906 - INFO: 找到 3 个统计区域
2025-12-12 23:40:11,906 - INFO: 处理地图 1: Haven
2025-12-12 23:40:11,916 - INFO: 处理地图 2: Split
2025-12-12 23:40:11,976 - INFO: 选手数据保存: data/2024/raw/players_247103_20251212_234011.csv，共 20 条记录
2025-12-12 23:40:11,983 - INFO:   成功：2张地图，20条选手记录
2025-12-12 23:40:11,984 - INFO:   等待 5.3 秒...
2025-12-12 23:40:17,315 - INFO: [13/34] 爬取: FunPlus Phoenix0
2025-12-12 23:40:17,315 - INFO: 解析比赛: https://www.vlr.gg/247089/funplus-phoenix-vs-t1-valorant-champions-2023-group-stage-elim-b
2025-12-12 23:40:20,526 - INFO: 队伍: ['FunPlus Phoenix', 'T1']
2025-12-12 23:40:20,549 - INFO: 找到 3 个统计区域
2025-12-12 23:40:20,549 - INFO: 处理地图 1: Lotus
2025-12-12 23:40:20,558 - INFO: 处理地图 2: Bind
2025-12-12 23:40:20,604 - INFO: 选手数据保存: data/2024/raw/players_247089_20251212_234020.csv，共 20 条记录
2025-12-12 23:40:20,611 - INFO:   成功：2张地图，20条选手记录
2025-12-12 23:40:20,612 - INFO:   等待 5.1 秒...
2025-12-12 23:40:25,715 - INFO: [14/34] 爬取: Paper Rex2
2025-12-12 23:40:25,715 - INFO: 解析比赛: https://www.vlr.gg/247077/paper-rex-vs-edward-gaming-valorant-champions-2023-group-stage-winners-a
2025-12-12 23:40:29,612 - INFO: 队伍: ['Paper Rex', 'EDward Gaming']
2025-12-12 23:40:29,647 - INFO: 找到 3 个统计区域
2025-12-12 23:40:29,648 - INFO: 处理地图 1: Fracture
2025-12-12 23:40:29,658 - INFO: 处理地图 2: Pearl
2025-12-12 23:40:29,716 - INFO: 选手数据保存: data/2024/raw/players_247077_20251212_234029.csv，共 20 条记录
2025-12-12 23:40:29,725 - INFO:   成功：2张地图，20条选手记录
2025-12-12 23:40:29,725 - INFO:   等待 6.2 秒...
2025-12-12 23:40:35,947 - INFO: [15/34] 爬取: KRÜ Esports0
2025-12-12 23:40:35,947 - INFO: 解析比赛: https://www.vlr.gg/247078/kr-esports-vs-giants-gaming-valorant-champions-2023-group-stage-elim-a
2025-12-12 23:40:43,244 - INFO: 队伍: ['KRÜ Esports', 'Giants Gaming']
2025-12-12 23:40:43,280 - INFO: 找到 3 个统计区域
2025-12-12 23:40:43,281 - INFO: 处理地图 1: Lotus
2025-12-12 23:40:43,291 - INFO: 处理地图 2: Pearl
2025-12-12 23:40:43,348 - INFO: 选手数据保存: data/2024/raw/players_247078_20251212_234043.csv，共 20 条记录
2025-12-12 23:40:43,355 - INFO:   成功：2张地图，20条选手记录
2025-12-12 23:40:43,355 - INFO:   等待 9.1 秒...
2025-12-12 23:40:52,457 - INFO: [16/34] 爬取: ZETA DIVISION0
2025-12-12 23:40:52,457 - INFO: 解析比赛: https://www.vlr.gg/247096/zeta-division-vs-nrg-esports-valorant-champions-2023-group-stage-elim-c
2025-12-12 23:40:57,368 - INFO: 队伍: ['ZETA DIVISION', 'NRG']
2025-12-12 23:40:57,400 - INFO: 找到 3 个统计区域
2025-12-12 23:40:57,400 - INFO: 处理地图 1: Bind
2025-12-12 23:40:57,411 - INFO: 处理地图 2: Haven
2025-12-12 23:40:57,490 - INFO: 选手数据保存: data/2024/raw/players_247096_20251212_234057.csv，共 20 条记录
2025-12-12 23:40:57,503 - INFO:   成功：2张地图，20条选手记录
2025-12-12 23:40:57,503 - INFO:   等待 6.2 秒...
2025-12-12 23:41:03,655 - INFO: [17/34] 爬取: Natus Vincere1
2025-12-12 23:41:03,655 - INFO: 解析比赛: https://www.vlr.gg/247104/natus-vincere-vs-loud-valorant-champions-2023-group-stage-decider-d
2025-12-12 23:41:11,264 - INFO: 队伍: ['Natus Vincere', 'LOUD']
2025-12-12 23:41:11,312 - INFO: 找到 4 个统计区域
2025-12-12 23:41:11,312 - INFO: 处理地图 1: Pearl
2025-12-12 23:41:11,322 - INFO: 处理地图 2: Ascent
2025-12-12 23:41:11,329 - INFO: 处理地图 3: Bind
2025-12-12 23:41:11,401 - INFO: 选手数据保存: data/2024/raw/players_247104_20251212_234111.csv，共 30 条记录
2025-12-12 23:41:11,410 - INFO:   成功：3张地图，30条选手记录
2025-12-12 23:41:11,410 - INFO:   等待 7.2 秒...
2025-12-12 23:41:18,567 - INFO: [18/34] 爬取: FUT Esports2
2025-12-12 23:41:18,568 - INFO: 解析比赛: https://www.vlr.gg/247090/fut-esports-vs-t1-valorant-champions-2023-group-stage-decider-b
2025-12-12 23:41:23,119 - INFO: 队伍: ['FUT Esports', 'T1']
2025-12-12 23:41:23,145 - INFO: 找到 3 个统计区域
2025-12-12 23:41:23,145 - INFO: 处理地图 1: Bind
2025-12-12 23:41:23,154 - INFO: 处理地图 2: Pearl
2025-12-12 23:41:23,201 - INFO: 选手数据保存: data/2024/raw/players_247090_20251212_234123.csv，共 20 条记录
2025-12-12 23:41:23,210 - INFO:   成功：2张地图，20条选手记录
2025-12-12 23:41:23,210 - INFO:   等待 5.1 秒...
2025-12-12 23:41:28,316 - INFO: [19/34] 爬取: EDward Gaming2
2025-12-12 23:41:28,317 - INFO: 解析比赛: https://www.vlr.gg/247079/edward-gaming-vs-giants-gaming-valorant-champions-2023-group-stage-decider-a
2025-12-12 23:41:36,031 - INFO: 队伍: ['EDward Gaming', 'Giants Gaming']
2025-12-12 23:41:36,063 - INFO: 找到 3 个统计区域
2025-12-12 23:41:36,064 - INFO: 处理地图 1: Split
2025-12-12 23:41:36,075 - INFO: 处理地图 2: Fracture
2025-12-12 23:41:36,134 - INFO: 选手数据保存: data/2024/raw/players_247079_20251212_234136.csv，共 20 条记录
2025-12-12 23:41:36,145 - INFO:   成功：2张地图，20条选手记录
2025-12-12 23:41:36,145 - INFO:   等待 5.1 秒...
2025-12-12 23:41:41,271 - INFO: [20/34] 爬取: Bilibili Gaming2
2025-12-12 23:41:41,272 - INFO: 解析比赛: https://www.vlr.gg/247098/bilibili-gaming-vs-nrg-esports-valorant-champions-2023-group-stage-decider-c
2025-12-12 23:41:49,661 - INFO: 队伍: ['Bilibili Gaming', 'NRG']
2025-12-12 23:41:49,706 - INFO: 找到 3 个统计区域
2025-12-12 23:41:49,706 - INFO: 处理地图 1: Bind
2025-12-12 23:41:49,715 - INFO: 处理地图 2: Ascent
2025-12-12 23:41:49,781 - INFO: 选手数据保存: data/2024/raw/players_247098_20251212_234149.csv，共 20 条记录
2025-12-12 23:41:49,790 - INFO:   成功：2张地图，20条选手记录
2025-12-12 23:41:49,791 - INFO:   等待 9.4 秒...
2025-12-12 23:41:59,155 - INFO: [21/34] 爬取: FNATIC0
2025-12-12 23:41:59,155 - INFO: 解析比赛: https://www.vlr.gg/248270/fnatic-vs-loud-valorant-champions-2023-playoffs-ubqf
2025-12-12 23:42:10,407 - INFO: 队伍: ['FNATIC', 'LOUD']
2025-12-12 23:42:10,495 - INFO: 找到 3 个统计区域
2025-12-12 23:42:10,495 - INFO: 处理地图 1: Ascent
2025-12-12 23:42:10,509 - INFO: 处理地图 2: Lotus
2025-12-12 23:42:10,619 - INFO: 选手数据保存: data/2024/raw/players_248270_20251212_234210.csv，共 20 条记录
2025-12-12 23:42:10,628 - INFO:   成功：2张地图，20条选手记录
2025-12-12 23:42:10,628 - INFO:   等待 9.9 秒...
2025-12-12 23:42:20,532 - INFO: [22/34] 爬取: Paper Rex2
2025-12-12 23:42:20,533 - INFO: 解析比赛: https://www.vlr.gg/248271/paper-rex-vs-fut-esports-valorant-champions-2023-playoffs-ubqf
2025-12-12 23:42:27,856 - INFO: 队伍: ['Paper Rex', 'FUT Esports']
2025-12-12 23:42:27,892 - INFO: 找到 3 个统计区域
2025-12-12 23:42:27,892 - INFO: 处理地图 1: Ascent
2025-12-12 23:42:27,902 - INFO: 处理地图 2: Pearl
2025-12-12 23:42:27,960 - INFO: 选手数据保存: data/2024/raw/players_248271_20251212_234227.csv，共 20 条记录
2025-12-12 23:42:27,971 - INFO:   成功：2张地图，20条选手记录
2025-12-12 23:42:27,971 - INFO:   等待 7.0 秒...
2025-12-12 23:42:34,958 - INFO: [23/34] 爬取: DRX2
2025-12-12 23:42:34,959 - INFO: 解析比赛: https://www.vlr.gg/248272/drx-vs-bilibili-gaming-valorant-champions-2023-playoffs-ubqf
2025-12-12 23:42:38,689 - INFO: 队伍: ['DRX', 'Bilibili Gaming']
2025-12-12 23:42:38,724 - INFO: 找到 3 个统计区域
2025-12-12 23:42:38,724 - INFO: 处理地图 1: Lotus
2025-12-12 23:42:38,734 - INFO: 处理地图 2: Haven
2025-12-12 23:42:38,790 - INFO: 选手数据保存: data/2024/raw/players_248272_20251212_234238.csv，共 20 条记录
2025-12-12 23:42:38,798 - INFO:   成功：2张地图，20条选手记录
2025-12-12 23:42:38,799 - INFO:   等待 7.7 秒...
2025-12-12 23:42:46,494 - INFO: [24/34] 爬取: Evil Geniuses2
2025-12-12 23:42:46,494 - INFO: 解析比赛: https://www.vlr.gg/248273/evil-geniuses-vs-edward-gaming-valorant-champions-2023-playoffs-ubqf
2025-12-12 23:42:53,950 - INFO: 队伍: ['Evil Geniuses', 'EDward Gaming']
2025-12-12 23:42:54,005 - INFO: 找到 4 个统计区域
2025-12-12 23:42:54,006 - INFO: 处理地图 1: Split
2025-12-12 23:42:54,016 - INFO: 处理地图 2: Ascent
2025-12-12 23:42:54,023 - INFO: 处理地图 3: Pearl
2025-12-12 23:42:54,098 - INFO: 选手数据保存: data/2024/raw/players_248273_20251212_234254.csv，共 30 条记录
2025-12-12 23:42:54,106 - INFO:   成功：3张地图，30条选手记录
2025-12-12 23:42:54,107 - INFO:   等待 9.9 秒...
2025-12-12 23:43:04,015 - INFO: [25/34] 爬取: FNATIC2
2025-12-12 23:43:04,016 - INFO: 解析比赛: https://www.vlr.gg/248278/fnatic-vs-fut-esports-valorant-champions-2023-playoffs-lr1
2025-12-12 23:43:08,319 - INFO: 队伍: ['FNATIC', 'FUT Esports']
2025-12-12 23:43:08,355 - INFO: 找到 3 个统计区域
2025-12-12 23:43:08,356 - INFO: 处理地图 1: Split
2025-12-12 23:43:08,365 - INFO: 处理地图 2: Haven
2025-12-12 23:43:08,422 - INFO: 选手数据保存: data/2024/raw/players_248278_20251212_234308.csv，共 20 条记录
2025-12-12 23:43:08,431 - INFO:   成功：2张地图，20条选手记录
2025-12-12 23:43:08,431 - INFO:   等待 6.2 秒...
2025-12-12 23:43:14,674 - INFO: [26/34] 爬取: Bilibili Gaming1
2025-12-12 23:43:14,674 - INFO: 解析比赛: https://www.vlr.gg/248279/bilibili-gaming-vs-edward-gaming-valorant-champions-2023-playoffs-lr1
2025-12-12 23:43:18,163 - INFO: 队伍: ['Bilibili Gaming', 'EDward Gaming']
2025-12-12 23:43:18,193 - INFO: 找到 4 个统计区域
2025-12-12 23:43:18,193 - INFO: 处理地图 1: Bind
2025-12-12 23:43:18,203 - INFO: 处理地图 2: Split
2025-12-12 23:43:18,209 - INFO: 处理地图 3: Haven
2025-12-12 23:43:18,268 - INFO: 选手数据保存: data/2024/raw/players_248279_20251212_234318.csv，共 30 条记录
2025-12-12 23:43:18,279 - INFO:   成功：3张地图，30条选手记录
2025-12-12 23:43:18,279 - INFO:   等待 9.2 秒...
2025-12-12 23:43:27,489 - INFO: [27/34] 爬取: LOUD1
2025-12-12 23:43:27,490 - INFO: 解析比赛: https://www.vlr.gg/248274/loud-vs-paper-rex-valorant-champions-2023-playoffs-ubsf
2025-12-12 23:43:35,678 - INFO: 队伍: ['LOUD', 'Paper Rex']
2025-12-12 23:43:35,740 - INFO: 找到 4 个统计区域
2025-12-12 23:43:35,741 - INFO: 处理地图 1: Lotus
2025-12-12 23:43:35,750 - INFO: 处理地图 2: Split
2025-12-12 23:43:35,756 - INFO: 处理地图 3: Pearl
2025-12-12 23:43:35,846 - INFO: 选手数据保存: data/2024/raw/players_248274_20251212_234335.csv，共 30 条记录
2025-12-12 23:43:35,857 - INFO:   成功：3张地图，30条选手记录
2025-12-12 23:43:35,857 - INFO:   等待 6.8 秒...
2025-12-12 23:43:42,644 - INFO: [28/34] 爬取: DRX0
2025-12-12 23:43:42,645 - INFO: 解析比赛: https://www.vlr.gg/248275/drx-vs-evil-geniuses-valorant-champions-2023-playoffs-ubsf
2025-12-12 23:43:45,984 - INFO: 队伍: ['DRX', 'Evil Geniuses']
2025-12-12 23:43:46,016 - INFO: 找到 3 个统计区域
2025-12-12 23:43:46,016 - INFO: 处理地图 1: Fracture
2025-12-12 23:43:46,025 - INFO: 处理地图 2: Lotus
2025-12-12 23:43:46,080 - INFO: 选手数据保存: data/2024/raw/players_248275_20251212_234346.csv，共 20 条记录
2025-12-12 23:43:46,090 - INFO:   成功：2张地图，20条选手记录
2025-12-12 23:43:46,090 - INFO:   等待 8.5 秒...
2025-12-12 23:43:54,542 - INFO: [29/34] 爬取: LOUD2
2025-12-12 23:43:54,542 - INFO: 解析比赛: https://www.vlr.gg/248281/loud-vs-edward-gaming-valorant-champions-2023-playoffs-lr2
2025-12-12 23:44:02,729 - INFO: 队伍: ['LOUD', 'EDward Gaming']
2025-12-12 23:44:02,768 - INFO: 找到 4 个统计区域
2025-12-12 23:44:02,768 - INFO: 处理地图 1: Bind
2025-12-12 23:44:02,778 - INFO: 处理地图 2: Ascent
2025-12-12 23:44:02,784 - INFO: 处理地图 3: Haven
2025-12-12 23:44:02,849 - INFO: 选手数据保存: data/2024/raw/players_248281_20251212_234402.csv，共 30 条记录
2025-12-12 23:44:02,859 - INFO:   成功：3张地图，30条选手记录
2025-12-12 23:44:02,859 - INFO:   等待 8.2 秒...
2025-12-12 23:44:11,081 - INFO: [30/34] 爬取: DRX1
2025-12-12 23:44:11,081 - INFO: 解析比赛: https://www.vlr.gg/248280/drx-vs-fnatic-valorant-champions-2023-playoffs-lr2
2025-12-12 23:44:18,892 - INFO: 队伍: ['DRX', 'FNATIC']
2025-12-12 23:44:18,933 - INFO: 找到 4 个统计区域
2025-12-12 23:44:18,933 - INFO: 处理地图 1: Bind
2025-12-12 23:44:18,943 - INFO: 处理地图 2: Haven
2025-12-12 23:44:18,949 - INFO: 处理地图 3: Split
2025-12-12 23:44:19,015 - INFO: 选手数据保存: data/2024/raw/players_248280_20251212_234419.csv，共 30 条记录
2025-12-12 23:44:19,025 - INFO:   成功：3张地图，30条选手记录
2025-12-12 23:44:19,026 - INFO:   等待 8.9 秒...
2025-12-12 23:44:27,941 - INFO: [31/34] 爬取: Paper Rex2
2025-12-12 23:44:27,941 - INFO: 解析比赛: https://www.vlr.gg/248276/paper-rex-vs-evil-geniuses-valorant-champions-2023-playoffs-uf
2025-12-12 23:44:39,901 - INFO: 队伍: ['Paper Rex', 'Evil Geniuses']
2025-12-12 23:44:39,977 - INFO: 找到 4 个统计区域
2025-12-12 23:44:39,977 - INFO: 处理地图 1: Ascent
2025-12-12 23:44:39,987 - INFO: 处理地图 2: Bind
2025-12-12 23:44:39,993 - INFO: 处理地图 3: Pearl
2025-12-12 23:44:40,097 - INFO: 选手数据保存: data/2024/raw/players_248276_20251212_234440.csv，共 30 条记录
2025-12-12 23:44:40,108 - INFO:   成功：3张地图，30条选手记录
2025-12-12 23:44:40,108 - INFO:   等待 8.1 秒...
2025-12-12 23:44:48,250 - INFO: [32/34] 爬取: FNATIC1
2025-12-12 23:44:48,251 - INFO: 解析比赛: https://www.vlr.gg/248282/fnatic-vs-loud-valorant-champions-2023-playoffs-lr3
2025-12-12 23:44:53,905 - INFO: 队伍: ['FNATIC', 'LOUD']
2025-12-12 23:44:53,953 - INFO: 找到 4 个统计区域
2025-12-12 23:44:53,953 - INFO: 处理地图 1: Split
2025-12-12 23:44:53,962 - INFO: 处理地图 2: Ascent
2025-12-12 23:44:53,968 - INFO: 处理地图 3: Haven
2025-12-12 23:44:54,063 - INFO: 选手数据保存: data/2024/raw/players_248282_20251212_234454.csv，共 30 条记录
2025-12-12 23:44:54,077 - INFO:   成功：3张地图，30条选手记录
2025-12-12 23:44:54,077 - INFO:   等待 7.7 秒...
2025-12-12 23:45:01,733 - INFO: [33/34] 爬取: Evil Geniuses3
2025-12-12 23:45:01,733 - INFO: 解析比赛: https://www.vlr.gg/248283/evil-geniuses-vs-loud-valorant-champions-2023-playoffs-lbf
2025-12-12 23:45:08,349 - INFO: 队伍: ['Evil Geniuses', 'LOUD']
2025-12-12 23:45:08,408 - INFO: 找到 6 个统计区域
2025-12-12 23:45:08,409 - INFO: 处理地图 1: Ascent
2025-12-12 23:45:08,418 - INFO: 处理地图 2: Lotus
2025-12-12 23:45:08,424 - INFO: 处理地图 3: Pearl
2025-12-12 23:45:08,431 - INFO: 处理地图 4: Split
2025-12-12 23:45:08,437 - INFO: 处理地图 5: Bind
2025-12-12 23:45:08,526 - INFO: 选手数据保存: data/2024/raw/players_248283_20251212_234508.csv，共 50 条记录
2025-12-12 23:45:08,537 - INFO:   成功：5张地图，50条选手记录
2025-12-12 23:45:08,538 - INFO:   等待 6.2 秒...
2025-12-12 23:45:14,719 - INFO: [34/34] 爬取: Paper Rex1
2025-12-12 23:45:14,720 - INFO: 解析比赛: https://www.vlr.gg/248277/paper-rex-vs-evil-geniuses-valorant-champions-2023-playoffs-gf
2025-12-12 23:45:28,341 - INFO: 队伍: ['Paper Rex', 'Evil Geniuses']
2025-12-12 23:45:28,434 - INFO: 找到 5 个统计区域
2025-12-12 23:45:28,435 - INFO: 处理地图 1: Split
2025-12-12 23:45:28,444 - INFO: 处理地图 2: Ascent
2025-12-12 23:45:28,451 - INFO: 处理地图 3: Bind
2025-12-12 23:45:28,457 - INFO: 处理地图 4: Lotus
2025-12-12 23:45:28,585 - INFO: 选手数据保存: data/2024/raw/players_248277_20251212_234528.csv，共 40 条记录
2025-12-12 23:45:28,598 - INFO:   成功：4张地图，40条选手记录
2025-12-12 23:45:28,598 - INFO:   等待 5.6 秒...
2025-12-12 23:45:34,177 - INFO: ============================================================
2025-12-12 23:45:34,178 - INFO: 2024年数据爬取完成！成功: 34, 失败: 0
2025-12-12 23:45:34,178 - INFO: ============================================================
2025-12-12 23:45:34,190 - INFO: 汇总报告保存到: data/2024/crawl_summary_2024.json
2025-12-12 23:45:34,190 - INFO: 
2024年数据汇总:
2025-12-12 23:45:34,190 - INFO:   year: 2024
2025-12-12 23:45:34,190 - INFO:   crawl_time: 2025-12-12 23:45:34
2025-12-12 23:45:34,190 - INFO:   all_matches.csv_records: 34
2025-12-12 23:45:34,190 - INFO:   unique_matches: 34
2025-12-12 23:45:34,190 - INFO:   all_players.csv_records: 840
2025-12-12 23:45:34,190 - INFO:   unique_players: 80
2025-12-12 23:45:34,190 - INFO:   unique_agents: 21
2025-12-12 23:45:34,190 - INFO:   unique_maps: 7
2025-12-12 23:45:34,191 - INFO:   all_maps.csv_records: 84
2025-12-12 23:47:49,394 - INFO: ============================================================
2025-12-12 23:47:49,394 - INFO: 开始爬取 VALORANT Champions 2025 数据
2025-12-12 23:47:49,395 - INFO: ============================================================
2025-12-12 23:47:49,395 - INFO: 获取比赛列表第 1 页: https://www.vlr.gg/event/matches/2283/?page=1
2025-12-12 23:47:51,572 - INFO: 第 1 页找到 34 个比赛
2025-12-12 23:47:54,232 - INFO: 获取比赛列表第 2 页: https://www.vlr.gg/event/matches/2283/?page=2
2025-12-12 23:47:54,903 - INFO: 第 2 页找到 34 个比赛
2025-12-12 23:47:57,186 - INFO: 获取比赛列表第 3 页: https://www.vlr.gg/event/matches/2283/?page=3
2025-12-12 23:47:58,475 - INFO: 第 3 页找到 34 个比赛
2025-12-12 23:48:02,171 - INFO: 获取比赛列表第 4 页: https://www.vlr.gg/event/matches/2283/?page=4
2025-12-12 23:48:03,113 - INFO: 第 4 页找到 34 个比赛
2025-12-12 23:48:06,438 - INFO: 获取比赛列表第 5 页: https://www.vlr.gg/event/matches/2283/?page=5
2025-12-12 23:48:07,359 - INFO: 第 5 页找到 34 个比赛
2025-12-12 23:48:10,542 - INFO: 共找到 170 场比赛
2025-12-12 23:48:10,543 - INFO: [1/34] 爬取: Paper Rex2
2025-12-12 23:48:10,543 - INFO: 解析比赛: https://www.vlr.gg/542195/paper-rex-vs-xi-lai-gaming-valorant-champions-2025-opening-a
2025-12-12 23:48:17,654 - INFO: 队伍: ['Paper Rex', 'Xi Lai Gaming']
2025-12-12 23:48:17,690 - INFO: 找到 3 个统计区域
2025-12-12 23:48:17,690 - INFO: 处理地图 1: Bind
2025-12-12 23:48:17,700 - INFO: 处理地图 2: Sunset
2025-12-12 23:48:17,759 - INFO: 选手数据保存: data/2025/raw/players_542195_20251212_234817.csv，共 20 条记录
2025-12-12 23:48:17,763 - INFO:   成功：2张地图，20条选手记录
2025-12-12 23:48:17,763 - INFO:   等待 7.9 秒...
2025-12-12 23:48:25,657 - INFO: [2/34] 爬取: GIANTX2
2025-12-12 23:48:25,657 - INFO: 解析比赛: https://www.vlr.gg/542196/giantx-vs-sentinels-valorant-champions-2025-opening-a
2025-12-12 23:50:17,823 - INFO: ============================================================
2025-12-12 23:50:17,824 - INFO: 开始爬取 VALORANT Champions 2024 数据
2025-12-12 23:50:17,825 - INFO: ============================================================
2025-12-12 23:50:17,825 - INFO: 获取比赛列表第 1 页: https://www.vlr.gg/event/matches/2097/?page=1
2025-12-12 23:50:21,570 - INFO: 第 1 页找到 34 个比赛
2025-12-12 23:50:25,088 - INFO: 获取比赛列表第 2 页: https://www.vlr.gg/event/matches/2097/?page=2
2025-12-12 23:50:26,350 - INFO: 第 2 页找到 34 个比赛
2025-12-12 23:50:30,327 - INFO: 获取比赛列表第 3 页: https://www.vlr.gg/event/matches/2097/?page=3
2025-12-12 23:50:31,309 - INFO: 第 3 页找到 34 个比赛
2025-12-12 23:50:34,120 - INFO: 获取比赛列表第 4 页: https://www.vlr.gg/event/matches/2097/?page=4
2025-12-12 23:50:35,753 - INFO: 第 4 页找到 34 个比赛
2025-12-12 23:50:37,979 - INFO: 获取比赛列表第 5 页: https://www.vlr.gg/event/matches/2097/?page=5
2025-12-12 23:50:38,481 - INFO: 第 5 页找到 34 个比赛
2025-12-12 23:50:42,461 - INFO: 共找到 170 场比赛
2025-12-12 23:50:42,461 - INFO: [1/34] 爬取: Gen.G2
2025-12-12 23:50:42,461 - INFO: 解析比赛: https://www.vlr.gg/378662/gen-g-vs-sentinels-valorant-champions-2024-opening-b
2025-12-12 23:50:52,760 - INFO: 队伍: ['Gen.G', 'Sentinels']
2025-12-12 23:50:52,827 - INFO: 找到 3 个统计区域
2025-12-12 23:50:52,828 - INFO: 处理地图 1: Haven
2025-12-12 23:50:52,837 - INFO: 处理地图 2: Ascent
2025-12-12 23:50:52,940 - INFO: 选手数据保存: data/2024/raw/players_378662_20251212_235052.csv，共 20 条记录
2025-12-12 23:50:52,943 - INFO:   成功：2张地图，20条选手记录
2025-12-12 23:50:52,943 - INFO:   等待 7.8 秒...
2025-12-12 23:51:00,720 - INFO: [2/34] 爬取: FunPlus Phoenix1
2025-12-12 23:51:00,721 - INFO: 解析比赛: https://www.vlr.gg/378663/funplus-phoenix-vs-team-heretics-valorant-champions-2024-opening-b
2025-12-12 23:51:04,821 - INFO: 队伍: ['FunPlus Phoenix', 'Team Heretics']
2025-12-12 23:51:04,862 - INFO: 找到 4 个统计区域
2025-12-12 23:51:04,862 - INFO: 处理地图 1: Abyss
2025-12-12 23:51:04,872 - INFO: 处理地图 2: Bind
2025-12-12 23:51:04,879 - INFO: 处理地图 3: Lotus
2025-12-12 23:51:04,954 - INFO: 选手数据保存: data/2024/raw/players_378663_20251212_235104.csv，共 30 条记录
2025-12-12 23:51:04,964 - INFO:   成功：3张地图，30条选手记录
2025-12-12 23:51:04,964 - INFO:   等待 9.8 秒...
2025-12-12 23:51:14,771 - INFO: [3/34] 爬取: DRX2
2025-12-12 23:51:14,772 - INFO: 解析比赛: https://www.vlr.gg/378657/drx-vs-kr-esports-valorant-champions-2024-opening-a
2025-12-12 23:51:22,418 - INFO: 队伍: ['DRX', 'KRÜ Esports']
2025-12-12 23:51:22,462 - INFO: 找到 4 个统计区域
2025-12-12 23:51:22,463 - INFO: 处理地图 1: Haven
2025-12-12 23:51:22,472 - INFO: 处理地图 2: Abyss
2025-12-12 23:51:22,479 - INFO: 处理地图 3: Bind
2025-12-12 23:51:22,548 - INFO: 选手数据保存: data/2024/raw/players_378657_20251212_235122.csv，共 30 条记录
2025-12-12 23:51:22,554 - INFO:   成功：3张地图，30条选手记录
2025-12-12 23:51:22,554 - INFO:   等待 5.9 秒...
2025-12-12 23:51:28,421 - INFO: [4/34] 爬取: FNATIC2
2025-12-12 23:51:28,422 - INFO: 解析比赛: https://www.vlr.gg/378656/fnatic-vs-bilibili-gaming-valorant-champions-2024-opening-a
2025-12-12 23:52:56,922 - INFO: 队伍: ['FNATIC', 'Bilibili Gaming']
2025-12-12 23:52:56,952 - INFO: 找到 3 个统计区域
2025-12-12 23:52:56,953 - INFO: 处理地图 1: Bind
2025-12-12 23:52:56,963 - INFO: 处理地图 2: Lotus
2025-12-12 23:52:57,016 - INFO: 选手数据保存: data/2024/raw/players_378656_20251212_235257.csv，共 20 条记录
2025-12-12 23:52:57,024 - INFO:   成功：2张地图，20条选手记录
2025-12-12 23:52:57,024 - INFO:   等待 7.7 秒...
2025-12-12 23:53:04,712 - INFO: [5/34] 爬取: LEVIATÁN2
2025-12-12 23:53:04,712 - INFO: 解析比赛: https://www.vlr.gg/378667/leviat-n-vs-talon-esports-valorant-champions-2024-opening-c
2025-12-12 23:53:10,696 - INFO: 队伍: ['LEVIATÁN', 'TALON']
2025-12-12 23:53:10,736 - INFO: 找到 3 个统计区域
2025-12-12 23:53:10,736 - INFO: 处理地图 1: Bind
2025-12-12 23:53:10,745 - INFO: 处理地图 2: Ascent
2025-12-12 23:53:10,807 - INFO: 选手数据保存: data/2024/raw/players_378667_20251212_235310.csv，共 20 条记录
2025-12-12 23:53:10,814 - INFO:   成功：2张地图，20条选手记录
2025-12-12 23:53:10,814 - INFO:   等待 6.1 秒...
2025-12-12 23:53:16,887 - INFO: [6/34] 爬取: Team Vitality1
2025-12-12 23:53:16,888 - INFO: 解析比赛: https://www.vlr.gg/378669/team-vitality-vs-trace-esports-valorant-champions-2024-opening-c
2025-12-12 23:53:23,010 - INFO: 队伍: ['Team Vitality', 'Trace Esports']
2025-12-12 23:53:23,064 - INFO: 找到 4 个统计区域
2025-12-12 23:53:23,065 - INFO: 处理地图 1: Ascent
2025-12-12 23:53:23,076 - INFO: 处理地图 2: Sunset
2025-12-12 23:53:23,083 - INFO: 处理地图 3: Bind
2025-12-12 23:53:23,159 - INFO: 选手数据保存: data/2024/raw/players_378669_20251212_235323.csv，共 30 条记录
2025-12-12 23:53:23,167 - INFO:   成功：3张地图，30条选手记录
2025-12-12 23:53:23,167 - INFO:   等待 6.9 秒...
2025-12-12 23:53:30,092 - INFO: [7/34] 爬取: G2 Esports2
2025-12-12 23:53:30,092 - INFO: 解析比赛: https://www.vlr.gg/378674/g2-esports-vs-paper-rex-valorant-champions-2024-opening-d
2025-12-12 23:54:11,398 - INFO: 队伍: ['G2 Esports', 'Paper Rex']
2025-12-12 23:54:11,447 - INFO: 找到 3 个统计区域
2025-12-12 23:54:11,447 - INFO: 处理地图 1: Icebox
2025-12-12 23:54:11,457 - INFO: 处理地图 2: Lotus
2025-12-12 23:54:11,528 - INFO: 选手数据保存: data/2024/raw/players_378674_20251212_235411.csv，共 20 条记录
2025-12-12 23:54:11,535 - INFO:   成功：2张地图，20条选手记录
2025-12-12 23:54:11,536 - INFO:   等待 9.9 秒...
2025-12-12 23:54:21,460 - INFO: [8/34] 爬取: EDward Gaming2
2025-12-12 23:54:21,460 - INFO: 解析比赛: https://www.vlr.gg/378673/edward-gaming-vs-fut-esports-valorant-champions-2024-opening-d
2025-12-12 23:54:32,070 - INFO: 队伍: ['EDward Gaming', 'FUT Esports']
2025-12-12 23:54:32,107 - INFO: 找到 3 个统计区域
2025-12-12 23:54:32,108 - INFO: 处理地图 1: Lotus
2025-12-12 23:54:32,117 - INFO: 处理地图 2: Bind
2025-12-12 23:54:32,179 - INFO: 选手数据保存: data/2024/raw/players_378673_20251212_235432.csv，共 20 条记录
2025-12-12 23:54:32,187 - INFO:   成功：2张地图，20条选手记录
2025-12-12 23:54:32,187 - INFO:   等待 9.5 秒...
2025-12-12 23:54:41,695 - INFO: [9/34] 爬取: Gen.G1
2025-12-12 23:54:41,696 - INFO: 解析比赛: https://www.vlr.gg/378664/gen-g-vs-team-heretics-valorant-champions-2024-winners-b
2025-12-12 23:54:56,237 - INFO: 队伍: ['Gen.G', 'Team Heretics']
2025-12-12 23:54:56,292 - INFO: 找到 4 个统计区域
2025-12-12 23:54:56,292 - INFO: 处理地图 1: Abyss
2025-12-12 23:54:56,302 - INFO: 处理地图 2: Lotus
2025-12-12 23:54:56,308 - INFO: 处理地图 3: Bind
2025-12-12 23:54:56,388 - INFO: 选手数据保存: data/2024/raw/players_378664_20251212_235456.csv，共 30 条记录
2025-12-12 23:54:56,397 - INFO:   成功：3张地图，30条选手记录
2025-12-12 23:54:56,397 - INFO:   等待 5.6 秒...
2025-12-12 23:55:02,012 - INFO: [10/34] 爬取: FNATIC0
2025-12-12 23:55:02,013 - INFO: 解析比赛: https://www.vlr.gg/378658/fnatic-vs-drx-valorant-champions-2024-winners-a
2025-12-12 23:55:07,948 - INFO: 队伍: ['FNATIC', 'DRX']
2025-12-12 23:55:07,992 - INFO: 找到 3 个统计区域
2025-12-12 23:55:07,992 - INFO: 处理地图 1: Abyss
2025-12-12 23:55:08,001 - INFO: 处理地图 2: Lotus
2025-12-12 23:55:08,069 - INFO: 选手数据保存: data/2024/raw/players_378658_20251212_235508.csv，共 20 条记录
2025-12-12 23:55:08,077 - INFO:   成功：2张地图，20条选手记录
2025-12-12 23:55:08,077 - INFO:   等待 5.2 秒...
2025-12-12 23:55:13,234 - INFO: [11/34] 爬取: LEVIATÁN1
2025-12-12 23:55:13,235 - INFO: 解析比赛: https://www.vlr.gg/378670/leviat-n-vs-trace-esports-valorant-champions-2024-winners-c
2025-12-12 23:55:19,604 - INFO: 队伍: ['LEVIATÁN', 'Trace Esports']
2025-12-12 23:55:19,663 - INFO: 找到 4 个统计区域
2025-12-12 23:55:19,663 - INFO: 处理地图 1: Bind
2025-12-12 23:55:19,678 - INFO: 处理地图 2: Sunset
2025-12-12 23:55:19,688 - INFO: 处理地图 3: Ascent
2025-12-12 23:55:19,784 - INFO: 选手数据保存: data/2024/raw/players_378670_20251212_235519.csv，共 30 条记录
2025-12-12 23:55:19,791 - INFO:   成功：3张地图，30条选手记录
2025-12-12 23:55:19,791 - INFO:   等待 9.1 秒...
2025-12-12 23:55:28,884 - INFO: [12/34] 爬取: EDward Gaming1
2025-12-12 23:55:28,884 - INFO: 解析比赛: https://www.vlr.gg/378675/edward-gaming-vs-g2-esports-valorant-champions-2024-winners-d
2025-12-12 23:55:34,339 - INFO: 队伍: ['EDward Gaming', 'G2 Esports']
2025-12-12 23:55:34,378 - INFO: 找到 4 个统计区域
2025-12-12 23:55:34,378 - INFO: 处理地图 1: Icebox
2025-12-12 23:55:34,387 - INFO: 处理地图 2: Haven
2025-12-12 23:55:34,393 - INFO: 处理地图 3: Bind
2025-12-12 23:55:34,462 - INFO: 选手数据保存: data/2024/raw/players_378675_20251212_235534.csv，共 30 条记录
2025-12-12 23:55:34,471 - INFO:   成功：3张地图，30条选手记录
2025-12-12 23:55:34,471 - INFO:   等待 5.6 秒...
2025-12-12 23:55:40,068 - INFO: [13/34] 爬取: Sentinels2
2025-12-12 23:55:40,068 - INFO: 解析比赛: https://www.vlr.gg/378665/sentinels-vs-funplus-phoenix-valorant-champions-2024-elim-b
2025-12-12 23:55:46,023 - INFO: 队伍: ['Sentinels', 'FunPlus Phoenix']
2025-12-12 23:55:46,086 - INFO: 找到 3 个统计区域
2025-12-12 23:55:46,087 - INFO: 处理地图 1: Bind
2025-12-12 23:55:46,098 - INFO: 处理地图 2: Lotus
2025-12-12 23:55:46,180 - INFO: 选手数据保存: data/2024/raw/players_378665_20251212_235546.csv，共 20 条记录
2025-12-12 23:55:46,189 - INFO:   成功：2张地图，20条选手记录
2025-12-12 23:55:46,190 - INFO:   等待 7.8 秒...
2025-12-12 23:55:53,986 - INFO: [14/34] 爬取: Bilibili Gaming0
2025-12-12 23:55:53,987 - INFO: 解析比赛: https://www.vlr.gg/378659/bilibili-gaming-vs-kr-esports-valorant-champions-2024-elim-a
2025-12-12 23:55:57,371 - INFO: 队伍: ['Bilibili Gaming', 'KRÜ Esports']
2025-12-12 23:55:57,398 - INFO: 找到 3 个统计区域
2025-12-12 23:55:57,398 - INFO: 处理地图 1: Lotus
2025-12-12 23:55:57,408 - INFO: 处理地图 2: Icebox
2025-12-12 23:55:57,459 - INFO: 选手数据保存: data/2024/raw/players_378659_20251212_235557.csv，共 20 条记录
2025-12-12 23:55:57,467 - INFO:   成功：2张地图，20条选手记录
2025-12-12 23:55:57,467 - INFO:   等待 7.3 秒...
2025-12-12 23:56:04,806 - INFO: [15/34] 爬取: TALON0
2025-12-12 23:56:04,807 - INFO: 解析比赛: https://www.vlr.gg/378671/talon-esports-vs-team-vitality-valorant-champions-2024-elim-c
2025-12-12 23:56:07,736 - INFO: 队伍: ['TALON', 'Team Vitality']
2025-12-12 23:56:07,767 - INFO: 找到 3 个统计区域
2025-12-12 23:56:07,768 - INFO: 处理地图 1: Lotus
2025-12-12 23:56:07,777 - INFO: 处理地图 2: Sunset
2025-12-12 23:56:07,837 - INFO: 选手数据保存: data/2024/raw/players_378671_20251212_235607.csv，共 20 条记录
2025-12-12 23:56:07,850 - INFO:   成功：2张地图，20条选手记录
2025-12-12 23:56:07,850 - INFO:   等待 5.3 秒...
2025-12-12 23:56:13,157 - INFO: [16/34] 爬取: FUT Esports0
2025-12-12 23:56:13,157 - INFO: 解析比赛: https://www.vlr.gg/378676/fut-esports-vs-paper-rex-valorant-champions-2024-elim-d
2025-12-12 23:56:19,637 - INFO: 队伍: ['FUT Esports', 'Paper Rex']
2025-12-12 23:56:19,676 - INFO: 找到 3 个统计区域
2025-12-12 23:56:19,676 - INFO: 处理地图 1: Sunset
2025-12-12 23:56:19,686 - INFO: 处理地图 2: Bind
2025-12-12 23:56:19,747 - INFO: 选手数据保存: data/2024/raw/players_378676_20251212_235619.csv，共 20 条记录
2025-12-12 23:56:19,758 - INFO:   成功：2张地图，20条选手记录
2025-12-12 23:56:19,758 - INFO:   等待 8.2 秒...
2025-12-12 23:56:27,962 - INFO: [17/34] 爬取: Gen.G0
2025-12-12 23:56:27,962 - INFO: 解析比赛: https://www.vlr.gg/378666/gen-g-vs-sentinels-valorant-champions-2024-decider-b
2025-12-12 23:56:36,479 - INFO: 队伍: ['Gen.G', 'Sentinels']
2025-12-12 23:56:36,544 - INFO: 找到 3 个统计区域
2025-12-12 23:56:36,544 - INFO: 处理地图 1: Lotus
2025-12-12 23:56:36,554 - INFO: 处理地图 2: Icebox
2025-12-12 23:56:36,645 - INFO: 选手数据保存: data/2024/raw/players_378666_20251212_235636.csv，共 20 条记录
2025-12-12 23:56:36,654 - INFO:   成功：2张地图，20条选手记录
2025-12-12 23:56:36,654 - INFO:   等待 10.0 秒...
2025-12-12 23:56:46,626 - INFO: [18/34] 爬取: FNATIC2
2025-12-12 23:56:46,626 - INFO: 解析比赛: https://www.vlr.gg/378660/fnatic-vs-kr-esports-valorant-champions-2024-decider-a
2025-12-12 23:56:51,896 - INFO: 队伍: ['FNATIC', 'KRÜ Esports']
2025-12-12 23:56:51,936 - INFO: 找到 4 个统计区域
2025-12-12 23:56:51,937 - INFO: 处理地图 1: Sunset
2025-12-12 23:56:51,946 - INFO: 处理地图 2: Haven
2025-12-12 23:56:51,952 - INFO: 处理地图 3: Lotus
2025-12-12 23:56:52,020 - INFO: 选手数据保存: data/2024/raw/players_378660_20251212_235652.csv，共 30 条记录
2025-12-12 23:56:52,030 - INFO:   成功：3张地图，30条选手记录
2025-12-12 23:56:52,030 - INFO:   等待 5.4 秒...
2025-12-12 23:56:57,459 - INFO: [19/34] 爬取: LEVIATÁN2
2025-12-12 23:56:57,460 - INFO: 解析比赛: https://www.vlr.gg/378672/leviat-n-vs-team-vitality-valorant-champions-2024-decider-c
2025-12-12 23:57:02,178 - INFO: 队伍: ['LEVIATÁN', 'Team Vitality']
2025-12-12 23:57:02,210 - INFO: 找到 3 个统计区域
2025-12-12 23:57:02,211 - INFO: 处理地图 1: Icebox
2025-12-12 23:57:02,221 - INFO: 处理地图 2: Sunset
2025-12-12 23:57:02,277 - INFO: 选手数据保存: data/2024/raw/players_378672_20251212_235702.csv，共 20 条记录
2025-12-12 23:57:02,286 - INFO:   成功：2张地图，20条选手记录
2025-12-12 23:57:02,286 - INFO:   等待 7.6 秒...
2025-12-12 23:57:09,851 - INFO: [20/34] 爬取: EDward Gaming2
2025-12-12 23:57:09,851 - INFO: 解析比赛: https://www.vlr.gg/378677/edward-gaming-vs-paper-rex-valorant-champions-2024-decider-d
2025-12-12 23:57:15,324 - INFO: 队伍: ['EDward Gaming', 'Paper Rex']
2025-12-12 23:57:15,371 - INFO: 找到 4 个统计区域
2025-12-12 23:57:15,372 - INFO: 处理地图 1: Icebox
2025-12-12 23:57:15,381 - INFO: 处理地图 2: Sunset
2025-12-12 23:57:15,387 - INFO: 处理地图 3: Lotus
2025-12-12 23:57:15,457 - INFO: 选手数据保存: data/2024/raw/players_378677_20251212_235715.csv，共 30 条记录
2025-12-12 23:57:15,465 - INFO:   成功：3张地图，30条选手记录
2025-12-12 23:57:15,465 - INFO:   等待 8.4 秒...
2025-12-12 23:57:23,890 - INFO: [21/34] 爬取: DRX0
2025-12-12 23:57:23,891 - INFO: 解析比赛: https://www.vlr.gg/378822/drx-vs-sentinels-valorant-champions-2024-ubqf
2025-12-12 23:57:30,591 - INFO: 队伍: ['DRX', 'Sentinels']
2025-12-12 23:57:30,643 - INFO: 找到 3 个统计区域
2025-12-12 23:57:30,644 - INFO: 处理地图 1: Sunset
2025-12-12 23:57:30,654 - INFO: 处理地图 2: Haven
2025-12-12 23:57:30,730 - INFO: 选手数据保存: data/2024/raw/players_378822_20251212_235730.csv，共 20 条记录
2025-12-12 23:57:30,740 - INFO:   成功：2张地图，20条选手记录
2025-12-12 23:57:30,740 - INFO:   等待 5.1 秒...
2025-12-12 23:57:35,833 - INFO: [22/34] 爬取: Trace Esports0
2025-12-12 23:57:35,834 - INFO: 解析比赛: https://www.vlr.gg/378823/trace-esports-vs-edward-gaming-valorant-champions-2024-ubqf
2025-12-12 23:57:39,975 - INFO: 队伍: ['Trace Esports', 'EDward Gaming']
2025-12-12 23:57:39,998 - INFO: 找到 3 个统计区域
2025-12-12 23:57:39,998 - INFO: 处理地图 1: Bind
2025-12-12 23:57:40,009 - INFO: 处理地图 2: Sunset
2025-12-12 23:57:40,056 - INFO: 选手数据保存: data/2024/raw/players_378823_20251212_235740.csv，共 20 条记录
2025-12-12 23:57:40,064 - INFO:   成功：2张地图，20条选手记录
2025-12-12 23:57:40,064 - INFO:   等待 9.6 秒...
2025-12-12 23:57:49,663 - INFO: [23/34] 爬取: G2 Esports0
2025-12-12 23:57:49,664 - INFO: 解析比赛: https://www.vlr.gg/378824/g2-esports-vs-leviat-n-valorant-champions-2024-ubqf
2025-12-12 23:57:52,633 - INFO: 队伍: ['G2 Esports', 'LEVIATÁN']
2025-12-12 23:57:52,673 - INFO: 找到 3 个统计区域
2025-12-12 23:57:52,674 - INFO: 处理地图 1: Icebox
2025-12-12 23:57:52,683 - INFO: 处理地图 2: Abyss
2025-12-12 23:57:52,742 - INFO: 选手数据保存: data/2024/raw/players_378824_20251212_235752.csv，共 20 条记录
2025-12-12 23:57:52,751 - INFO:   成功：2张地图，20条选手记录
2025-12-12 23:57:52,752 - INFO:   等待 5.0 秒...
2025-12-12 23:57:57,793 - INFO: [24/34] 爬取: Team Heretics2
2025-12-12 23:57:57,794 - INFO: 解析比赛: https://www.vlr.gg/378825/team-heretics-vs-fnatic-valorant-champions-2024-ubqf
2025-12-12 23:58:03,175 - INFO: 队伍: ['Team Heretics', 'FNATIC']
2025-12-12 23:58:03,213 - INFO: 找到 3 个统计区域
2025-12-12 23:58:03,214 - INFO: 处理地图 1: Lotus
2025-12-12 23:58:03,224 - INFO: 处理地图 2: Abyss
2025-12-12 23:58:03,289 - INFO: 选手数据保存: data/2024/raw/players_378825_20251212_235803.csv，共 20 条记录
2025-12-12 23:58:03,298 - INFO:   成功：2张地图，20条选手记录
2025-12-12 23:58:03,299 - INFO:   等待 8.4 秒...
2025-12-12 23:58:11,743 - INFO: [25/34] 爬取: DRX2
2025-12-12 23:58:11,743 - INFO: 解析比赛: https://www.vlr.gg/378831/drx-vs-trace-esports-valorant-champions-2024-lr1
2025-12-12 23:58:15,204 - INFO: 队伍: ['DRX', 'Trace Esports']
2025-12-12 23:58:15,232 - INFO: 找到 3 个统计区域
2025-12-12 23:58:15,232 - INFO: 处理地图 1: Lotus
2025-12-12 23:58:15,241 - INFO: 处理地图 2: Abyss
2025-12-12 23:58:15,298 - INFO: 选手数据保存: data/2024/raw/players_378831_20251212_235815.csv，共 20 条记录
2025-12-12 23:58:15,308 - INFO:   成功：2张地图，20条选手记录
2025-12-12 23:58:15,308 - INFO:   等待 5.7 秒...
2025-12-12 23:58:21,043 - INFO: [26/34] 爬取: G2 Esports0
2025-12-12 23:58:21,043 - INFO: 解析比赛: https://www.vlr.gg/378832/g2-esports-vs-fnatic-valorant-champions-2024-lr1
2025-12-12 23:58:26,523 - INFO: 队伍: ['G2 Esports', 'FNATIC']
2025-12-12 23:58:26,563 - INFO: 找到 3 个统计区域
2025-12-12 23:58:26,564 - INFO: 处理地图 1: Haven
2025-12-12 23:58:26,576 - INFO: 处理地图 2: Bind
2025-12-12 23:58:26,639 - INFO: 选手数据保存: data/2024/raw/players_378832_20251212_235826.csv，共 20 条记录
2025-12-12 23:58:26,649 - INFO:   成功：2张地图，20条选手记录
2025-12-12 23:58:26,649 - INFO:   等待 7.8 秒...
2025-12-12 23:58:34,492 - INFO: [27/34] 爬取: Sentinels1
2025-12-12 23:58:34,493 - INFO: 解析比赛: https://www.vlr.gg/378826/sentinels-vs-edward-gaming-valorant-champions-2024-ubsf
2025-12-12 23:58:43,940 - INFO: 队伍: ['Sentinels', 'EDward Gaming']
2025-12-12 23:58:43,995 - INFO: 找到 4 个统计区域
2025-12-12 23:58:43,996 - INFO: 处理地图 1: Haven
2025-12-12 23:58:44,005 - INFO: 处理地图 2: Lotus
2025-12-12 23:58:44,011 - INFO: 处理地图 3: Sunset
2025-12-12 23:58:44,096 - INFO: 选手数据保存: data/2024/raw/players_378826_20251212_235844.csv，共 30 条记录
2025-12-12 23:58:44,107 - INFO:   成功：3张地图，30条选手记录
2025-12-12 23:58:44,107 - INFO:   等待 8.7 秒...
2025-12-12 23:58:52,776 - INFO: [28/34] 爬取: LEVIATÁN2
2025-12-12 23:58:52,776 - INFO: 解析比赛: https://www.vlr.gg/378827/leviat-n-vs-team-heretics-valorant-champions-2024-ubsf
2025-12-12 23:58:59,134 - INFO: 队伍: ['LEVIATÁN', 'Team Heretics']
2025-12-12 23:58:59,169 - INFO: 找到 3 个统计区域
2025-12-12 23:58:59,170 - INFO: 处理地图 1: Icebox
2025-12-12 23:58:59,179 - INFO: 处理地图 2: Lotus
2025-12-12 23:58:59,240 - INFO: 选手数据保存: data/2024/raw/players_378827_20251212_235859.csv，共 20 条记录
2025-12-12 23:58:59,250 - INFO:   成功：2张地图，20条选手记录
2025-12-12 23:58:59,250 - INFO:   等待 6.2 秒...
2025-12-12 23:59:05,424 - INFO: [29/34] 爬取: Sentinels2
2025-12-12 23:59:05,424 - INFO: 解析比赛: https://www.vlr.gg/378834/sentinels-vs-fnatic-valorant-champions-2024-lr2
2025-12-12 23:59:15,974 - INFO: 队伍: ['Sentinels', 'FNATIC']
2025-12-12 23:59:16,031 - INFO: 找到 4 个统计区域
2025-12-12 23:59:16,031 - INFO: 处理地图 1: Sunset
2025-12-12 23:59:16,041 - INFO: 处理地图 2: Bind
2025-12-12 23:59:16,049 - INFO: 处理地图 3: Lotus
2025-12-12 23:59:16,133 - INFO: 选手数据保存: data/2024/raw/players_378834_20251212_235916.csv，共 30 条记录
2025-12-12 23:59:16,142 - INFO:   成功：3张地图，30条选手记录
2025-12-12 23:59:16,142 - INFO:   等待 8.3 秒...
2025-12-12 23:59:24,443 - INFO: [30/34] 爬取: Team Heretics2
2025-12-12 23:59:24,444 - INFO: 解析比赛: https://www.vlr.gg/378833/team-heretics-vs-drx-valorant-champions-2024-lr2
2025-12-12 23:59:34,900 - INFO: 队伍: ['Team Heretics', 'DRX']
2025-12-12 23:59:34,939 - INFO: 找到 4 个统计区域
2025-12-12 23:59:34,939 - INFO: 处理地图 1: Abyss
2025-12-12 23:59:34,948 - INFO: 处理地图 2: Sunset
2025-12-12 23:59:34,954 - INFO: 处理地图 3: Icebox
2025-12-12 23:59:35,023 - INFO: 选手数据保存: data/2024/raw/players_378833_20251212_235935.csv，共 30 条记录
2025-12-12 23:59:35,034 - INFO:   成功：3张地图，30条选手记录
2025-12-12 23:59:35,034 - INFO:   等待 7.4 秒...
2025-12-12 23:59:42,418 - INFO: [31/34] 爬取: EDward Gaming2
2025-12-12 23:59:42,418 - INFO: 解析比赛: https://www.vlr.gg/378828/edward-gaming-vs-leviat-n-valorant-champions-2024-ubf
2025-12-12 23:59:53,303 - INFO: 队伍: ['EDward Gaming', 'LEVIATÁN']
2025-12-12 23:59:53,366 - INFO: 找到 4 个统计区域
2025-12-12 23:59:53,366 - INFO: 处理地图 1: Icebox
2025-12-12 23:59:53,375 - INFO: 处理地图 2: Lotus
2025-12-12 23:59:53,381 - INFO: 处理地图 3: Abyss
2025-12-12 23:59:53,470 - INFO: 选手数据保存: data/2024/raw/players_378828_20251212_235953.csv，共 30 条记录
2025-12-12 23:59:53,482 - INFO:   成功：3张地图，30条选手记录
2025-12-12 23:59:53,482 - INFO:   等待 7.3 秒...
2025-12-13 00:00:00,832 - INFO: [32/34] 爬取: Team Heretics2
2025-12-13 00:00:00,832 - INFO: 解析比赛: https://www.vlr.gg/378835/team-heretics-vs-sentinels-valorant-champions-2024-lr3
2025-12-13 00:00:10,154 - INFO: 队伍: ['Team Heretics', 'Sentinels']
2025-12-13 00:00:10,216 - INFO: 找到 4 个统计区域
2025-12-13 00:00:10,216 - INFO: 处理地图 1: Haven
2025-12-13 00:00:10,225 - INFO: 处理地图 2: Icebox
2025-12-13 00:00:10,231 - INFO: 处理地图 3: Abyss
2025-12-13 00:00:10,327 - INFO: 选手数据保存: data/2024/raw/players_378835_20251213_000010.csv，共 30 条记录
2025-12-13 00:00:10,338 - INFO:   成功：3张地图，30条选手记录
2025-12-13 00:00:10,338 - INFO:   等待 8.1 秒...
2025-12-13 00:00:18,394 - INFO: [33/34] 爬取: LEVIATÁN1
2025-12-13 00:00:18,395 - INFO: 解析比赛: https://www.vlr.gg/378836/leviat-n-vs-team-heretics-valorant-champions-2024-lbf
2025-12-13 00:00:25,037 - INFO: 队伍: ['LEVIATÁN', 'Team Heretics']
2025-12-13 00:00:25,083 - INFO: 找到 5 个统计区域
2025-12-13 00:00:25,083 - INFO: 处理地图 1: Icebox
2025-12-13 00:00:25,092 - INFO: 处理地图 2: Sunset
2025-12-13 00:00:25,098 - INFO: 处理地图 3: Abyss
2025-12-13 00:00:25,103 - INFO: 处理地图 4: Lotus
2025-12-13 00:00:25,183 - INFO: 选手数据保存: data/2024/raw/players_378836_20251213_000025.csv，共 40 条记录
2025-12-13 00:00:25,195 - INFO:   成功：4张地图，40条选手记录
2025-12-13 00:00:25,195 - INFO:   等待 7.1 秒...
2025-12-13 00:00:32,294 - INFO: [34/34] 爬取: EDward Gaming3
2025-12-13 00:00:32,295 - INFO: 解析比赛: https://www.vlr.gg/378829/edward-gaming-vs-team-heretics-valorant-champions-2024-gf
2025-12-13 00:00:54,428 - INFO: 队伍: ['EDward Gaming', 'Team Heretics']
2025-12-13 00:00:54,564 - INFO: 找到 6 个统计区域
2025-12-13 00:00:54,564 - INFO: 处理地图 1: Haven
2025-12-13 00:00:54,574 - INFO: 处理地图 2: Sunset
2025-12-13 00:00:54,580 - INFO: 处理地图 3: Lotus
2025-12-13 00:00:54,586 - INFO: 处理地图 4: Bind
2025-12-13 00:00:54,592 - INFO: 处理地图 5: Abyss
2025-12-13 00:00:54,754 - INFO: 选手数据保存: data/2024/raw/players_378829_20251213_000054.csv，共 50 条记录
2025-12-13 00:00:54,766 - INFO:   成功：5张地图，50条选手记录
2025-12-13 00:00:54,766 - INFO:   等待 8.3 秒...
2025-12-13 00:01:03,051 - INFO: ============================================================
2025-12-13 00:01:03,051 - INFO: 2024年数据爬取完成！成功: 34, 失败: 0
2025-12-13 00:01:03,051 - INFO: ============================================================
2025-12-13 00:01:03,058 - INFO: 汇总报告保存到: data/2024/crawl_summary_2024.json
2025-12-13 00:01:03,058 - INFO: 
2024年数据汇总:
2025-12-13 00:01:03,058 - INFO:   year: 2024
2025-12-13 00:01:03,058 - INFO:   crawl_time: 2025-12-13 00:01:03
2025-12-13 00:01:03,058 - INFO:   all_matches.csv_records: 34
2025-12-13 00:01:03,058 - INFO:   unique_matches: 34
2025-12-13 00:01:03,058 - INFO:   all_players.csv_records: 860
2025-12-13 00:01:03,058 - INFO:   unique_players: 80
2025-12-13 00:01:03,058 - INFO:   unique_agents: 23
2025-12-13 00:01:03,058 - INFO:   unique_maps: 7
2025-12-13 00:01:03,058 - INFO:   all_maps.csv_records: 86
2025-12-13 00:01:18,207 - INFO: ============================================================
2025-12-13 00:01:18,208 - INFO: 开始爬取 VALORANT Champions 2025 数据
2025-12-13 00:01:18,208 - INFO: ============================================================
2025-12-13 00:01:18,208 - INFO: 获取比赛列表第 1 页: https://www.vlr.gg/event/matches/2283/?page=1
2025-12-13 00:01:25,363 - INFO: 第 1 页找到 34 个比赛
2025-12-13 00:01:27,546 - INFO: 获取比赛列表第 2 页: https://www.vlr.gg/event/matches/2283/?page=2
2025-12-13 00:01:29,825 - INFO: 第 2 页找到 34 个比赛
2025-12-13 00:01:31,914 - INFO: 获取比赛列表第 3 页: https://www.vlr.gg/event/matches/2283/?page=3
2025-12-13 00:01:32,769 - INFO: 第 3 页找到 34 个比赛
2025-12-13 00:01:35,426 - INFO: 获取比赛列表第 4 页: https://www.vlr.gg/event/matches/2283/?page=4
2025-12-13 00:01:36,463 - INFO: 第 4 页找到 34 个比赛
2025-12-13 00:01:39,870 - INFO: 获取比赛列表第 5 页: https://www.vlr.gg/event/matches/2283/?page=5
2025-12-13 00:01:42,402 - INFO: 第 5 页找到 34 个比赛
2025-12-13 00:01:45,978 - INFO: 共找到 170 场比赛
2025-12-13 00:01:45,978 - INFO: [1/34] 爬取: Paper Rex2
2025-12-13 00:01:45,978 - INFO: 解析比赛: https://www.vlr.gg/542195/paper-rex-vs-xi-lai-gaming-valorant-champions-2025-opening-a
2025-12-13 00:01:51,805 - INFO: 队伍: ['Paper Rex', 'Xi Lai Gaming']
2025-12-13 00:01:51,839 - INFO: 找到 3 个统计区域
2025-12-13 00:01:51,839 - INFO: 处理地图 1: Bind
2025-12-13 00:01:51,848 - INFO: 处理地图 2: Sunset
2025-12-13 00:01:51,906 - INFO: 选手数据保存: data/2025/raw/players_542195_20251213_000151.csv，共 20 条记录
2025-12-13 00:01:51,909 - INFO:   成功：2张地图，20条选手记录
2025-12-13 00:01:51,909 - INFO:   等待 5.1 秒...
2025-12-13 00:01:57,005 - INFO: [2/34] 爬取: GIANTX2
2025-12-13 00:01:57,005 - INFO: 解析比赛: https://www.vlr.gg/542196/giantx-vs-sentinels-valorant-champions-2025-opening-a
2025-12-13 00:02:03,957 - INFO: 队伍: ['GIANTX', 'Sentinels']
2025-12-13 00:02:04,008 - INFO: 找到 4 个统计区域
2025-12-13 00:02:04,008 - INFO: 处理地图 1: Corrode
2025-12-13 00:02:04,018 - INFO: 处理地图 2: Sunset
2025-12-13 00:02:04,024 - INFO: 处理地图 3: Haven
2025-12-13 00:02:04,103 - INFO: 选手数据保存: data/2025/raw/players_542196_20251213_000204.csv，共 30 条记录
2025-12-13 00:02:04,111 - INFO:   成功：3张地图，30条选手记录
2025-12-13 00:02:04,111 - INFO:   等待 8.8 秒...
2025-12-13 00:02:12,861 - INFO: [3/34] 爬取: NRG2
2025-12-13 00:02:12,862 - INFO: 解析比赛: https://www.vlr.gg/542207/nrg-vs-edward-gaming-valorant-champions-2025-opening-c
2025-12-13 00:02:19,824 - INFO: 队伍: ['NRG', 'EDward Gaming']
2025-12-13 00:02:19,868 - INFO: 找到 3 个统计区域
2025-12-13 00:02:19,869 - INFO: 处理地图 1: Abyss
2025-12-13 00:02:19,878 - INFO: 处理地图 2: Corrode
2025-12-13 00:02:19,948 - INFO: 选手数据保存: data/2025/raw/players_542207_20251213_000219.csv，共 20 条记录
2025-12-13 00:02:19,955 - INFO:   成功：2张地图，20条选手记录
2025-12-13 00:02:19,956 - INFO:   等待 8.6 秒...
2025-12-13 00:02:28,592 - INFO: [4/34] 爬取: Team Liquid0
2025-12-13 00:02:28,592 - INFO: 解析比赛: https://www.vlr.gg/542205/team-liquid-vs-drx-valorant-champions-2025-opening-c
2025-12-13 00:02:31,488 - INFO: 队伍: ['Team Liquid', 'DRX']
2025-12-13 00:02:31,522 - INFO: 找到 3 个统计区域
2025-12-13 00:02:31,523 - INFO: 处理地图 1: Abyss
2025-12-13 00:02:31,532 - INFO: 处理地图 2: Bind
2025-12-13 00:02:31,593 - INFO: 选手数据保存: data/2025/raw/players_542205_20251213_000231.csv，共 20 条记录
2025-12-13 00:02:31,599 - INFO:   成功：2张地图，20条选手记录
2025-12-13 00:02:31,599 - INFO:   等待 6.2 秒...
2025-12-13 00:02:37,768 - INFO: [5/34] 爬取: Dragon Ranger Gaming0
2025-12-13 00:02:37,769 - INFO: 解析比赛: https://www.vlr.gg/542212/dragon-ranger-gaming-vs-t1-valorant-champions-2025-opening-d
2025-12-13 00:02:41,870 - INFO: 队伍: ['Dragon Ranger Gaming', 'T1']
2025-12-13 00:02:41,910 - INFO: 找到 3 个统计区域
2025-12-13 00:02:41,910 - INFO: 处理地图 1: Lotus
2025-12-13 00:02:41,920 - INFO: 处理地图 2: Sunset
2025-12-13 00:02:41,985 - INFO: 选手数据保存: data/2025/raw/players_542212_20251213_000241.csv，共 20 条记录
2025-12-13 00:02:41,992 - INFO:   成功：2张地图，20条选手记录
2025-12-13 00:02:41,992 - INFO:   等待 8.6 秒...
2025-12-13 00:02:50,621 - INFO: [6/34] 爬取: G2 Esports0
2025-12-13 00:02:50,622 - INFO: 解析比赛: https://www.vlr.gg/542211/g2-esports-vs-team-heretics-valorant-champions-2025-opening-d
2025-12-13 00:02:55,992 - INFO: 队伍: ['G2 Esports', 'Team Heretics']
2025-12-13 00:02:56,030 - INFO: 找到 3 个统计区域
2025-12-13 00:02:56,030 - INFO: 处理地图 1: Corrode
2025-12-13 00:02:56,039 - INFO: 处理地图 2: Lotus
2025-12-13 00:02:56,108 - INFO: 选手数据保存: data/2025/raw/players_542211_20251213_000256.csv，共 20 条记录
2025-12-13 00:02:56,115 - INFO:   成功：2张地图，20条选手记录
2025-12-13 00:02:56,115 - INFO:   等待 9.0 秒...
2025-12-13 00:03:05,137 - INFO: [7/34] 爬取: Bilibili Gaming0
2025-12-13 00:03:05,137 - INFO: 解析比赛: https://www.vlr.gg/542200/bilibili-gaming-vs-mibr-valorant-champions-2025-opening-b
2025-12-13 00:03:12,134 - INFO: 队伍: ['Guangzhou Huadu Bilibili Gaming(Bilibili Gaming)', 'MIBR']
2025-12-13 00:03:12,178 - INFO: 找到 3 个统计区域
2025-12-13 00:03:12,178 - INFO: 处理地图 1: Haven
2025-12-13 00:03:12,188 - INFO: 处理地图 2: Corrode
2025-12-13 00:03:12,259 - INFO: 选手数据保存: data/2025/raw/players_542200_20251213_000312.csv，共 20 条记录
2025-12-13 00:03:12,266 - INFO:   成功：2张地图，20条选手记录
2025-12-13 00:03:12,266 - INFO:   等待 5.1 秒...
2025-12-13 00:03:17,351 - INFO: [8/34] 爬取: Rex Regum Qeon0
2025-12-13 00:03:17,351 - INFO: 解析比赛: https://www.vlr.gg/542201/rex-regum-qeon-vs-fnatic-valorant-champions-2025-opening-b
2025-12-13 00:03:23,715 - INFO: 队伍: ['Rex Regum Qeon', 'FNATIC']
2025-12-13 00:03:23,754 - INFO: 找到 3 个统计区域
2025-12-13 00:03:23,754 - INFO: 处理地图 1: Ascent
2025-12-13 00:03:23,764 - INFO: 处理地图 2: Abyss
2025-12-13 00:03:23,824 - INFO: 选手数据保存: data/2025/raw/players_542201_20251213_000323.csv，共 20 条记录
2025-12-13 00:03:23,832 - INFO:   成功：2张地图，20条选手记录
2025-12-13 00:03:23,832 - INFO:   等待 6.1 秒...
2025-12-13 00:03:29,902 - INFO: [9/34] 爬取: Paper Rex2
2025-12-13 00:03:29,902 - INFO: 解析比赛: https://www.vlr.gg/542197/paper-rex-vs-giantx-valorant-champions-2025-winners-a
2025-12-13 00:03:58,206 - INFO: 队伍: ['Paper Rex', 'GIANTX']
2025-12-13 00:03:58,249 - INFO: 找到 4 个统计区域
2025-12-13 00:03:58,249 - INFO: 处理地图 1: Ascent
2025-12-13 00:03:58,258 - INFO: 处理地图 2: Lotus
2025-12-13 00:03:58,266 - INFO: 处理地图 3: Sunset
2025-12-13 00:03:58,334 - INFO: 选手数据保存: data/2025/raw/players_542197_20251213_000358.csv，共 30 条记录
2025-12-13 00:03:58,341 - INFO:   成功：3张地图，30条选手记录
2025-12-13 00:03:58,342 - INFO:   等待 6.5 秒...
2025-12-13 00:04:04,888 - INFO: [10/34] 爬取: DRX1
2025-12-13 00:04:04,889 - INFO: 解析比赛: https://www.vlr.gg/542208/drx-vs-nrg-valorant-champions-2025-winners-c
2025-12-13 00:04:09,472 - INFO: 队伍: ['DRX', 'NRG']
2025-12-13 00:04:09,516 - INFO: 找到 4 个统计区域
2025-12-13 00:04:09,516 - INFO: 处理地图 1: Haven
2025-12-13 00:04:09,526 - INFO: 处理地图 2: Corrode
2025-12-13 00:04:09,531 - INFO: 处理地图 3: Lotus
2025-12-13 00:04:09,602 - INFO: 选手数据保存: data/2025/raw/players_542208_20251213_000409.csv，共 30 条记录
2025-12-13 00:04:09,609 - INFO:   成功：3张地图，30条选手记录
2025-12-13 00:04:09,609 - INFO:   等待 7.8 秒...
2025-12-13 00:04:17,448 - INFO: [11/34] 爬取: Team Heretics2
2025-12-13 00:04:17,448 - INFO: 解析比赛: https://www.vlr.gg/542213/team-heretics-vs-t1-valorant-champions-2025-winners-d
2025-12-13 00:04:22,553 - INFO: 队伍: ['Team Heretics', 'T1']
2025-12-13 00:04:22,589 - INFO: 找到 3 个统计区域
2025-12-13 00:04:22,589 - INFO: 处理地图 1: Lotus
2025-12-13 00:04:22,600 - INFO: 处理地图 2: Sunset
2025-12-13 00:04:22,656 - INFO: 选手数据保存: data/2025/raw/players_542213_20251213_000422.csv，共 20 条记录
2025-12-13 00:04:22,664 - INFO:   成功：2张地图，20条选手记录
2025-12-13 00:04:22,665 - INFO:   等待 6.1 秒...
2025-12-13 00:04:28,747 - INFO: [12/34] 爬取: MIBR1
2025-12-13 00:04:28,748 - INFO: 解析比赛: https://www.vlr.gg/542202/mibr-vs-fnatic-valorant-champions-2025-winners-b
2025-12-13 00:04:33,705 - INFO: 队伍: ['MIBR', 'FNATIC']
2025-12-13 00:04:33,756 - INFO: 找到 4 个统计区域
2025-12-13 00:04:33,756 - INFO: 处理地图 1: Bind
2025-12-13 00:04:33,766 - INFO: 处理地图 2: Abyss
2025-12-13 00:04:33,772 - INFO: 处理地图 3: Haven
2025-12-13 00:04:33,840 - INFO: 选手数据保存: data/2025/raw/players_542202_20251213_000433.csv，共 30 条记录
2025-12-13 00:04:33,849 - INFO:   成功：3张地图，30条选手记录
2025-12-13 00:04:33,849 - INFO:   等待 8.5 秒...
2025-12-13 00:04:42,375 - INFO: [13/34] 爬取: Team Liquid2
2025-12-13 00:04:42,375 - INFO: 解析比赛: https://www.vlr.gg/542209/team-liquid-vs-edward-gaming-valorant-champions-2025-elim-c
2025-12-13 00:04:46,479 - INFO: 队伍: ['Team Liquid', 'EDward Gaming']
2025-12-13 00:04:46,523 - INFO: 找到 4 个统计区域
2025-12-13 00:04:46,523 - INFO: 处理地图 1: Sunset
2025-12-13 00:04:46,533 - INFO: 处理地图 2: Abyss
2025-12-13 00:04:46,539 - INFO: 处理地图 3: Bind
2025-12-13 00:04:46,610 - INFO: 选手数据保存: data/2025/raw/players_542209_20251213_000446.csv，共 30 条记录
2025-12-13 00:04:46,618 - INFO:   成功：3张地图，30条选手记录
2025-12-13 00:04:46,618 - INFO:   等待 6.4 秒...
2025-12-13 00:04:53,050 - INFO: [14/34] 爬取: Xi Lai Gaming2
2025-12-13 00:04:53,050 - INFO: 解析比赛: https://www.vlr.gg/542198/xi-lai-gaming-vs-sentinels-valorant-champions-2025-elim-a
2025-12-13 00:04:57,398 - INFO: 队伍: ['Xi Lai Gaming', 'Sentinels']
2025-12-13 00:04:57,441 - INFO: 找到 4 个统计区域
2025-12-13 00:04:57,441 - INFO: 处理地图 1: Abyss
2025-12-13 00:04:57,452 - INFO: 处理地图 2: Lotus
2025-12-13 00:04:57,458 - INFO: 处理地图 3: Haven
2025-12-13 00:04:57,531 - INFO: 选手数据保存: data/2025/raw/players_542198_20251213_000457.csv，共 30 条记录
2025-12-13 00:04:57,539 - INFO:   成功：3张地图，30条选手记录
2025-12-13 00:04:57,539 - INFO:   等待 5.4 秒...
2025-12-13 00:05:02,986 - INFO: [15/34] 爬取: Bilibili Gaming1
2025-12-13 00:05:02,987 - INFO: 解析比赛: https://www.vlr.gg/542203/bilibili-gaming-vs-rex-regum-qeon-valorant-champions-2025-elim-b
2025-12-13 00:05:07,715 - INFO: 队伍: ['Guangzhou Huadu Bilibili Gaming(Bilibili Gaming)', 'Rex Regum Qeon']
2025-12-13 00:05:07,751 - INFO: 找到 4 个统计区域
2025-12-13 00:05:07,751 - INFO: 处理地图 1: Sunset
2025-12-13 00:05:07,760 - INFO: 处理地图 2: Lotus
2025-12-13 00:05:07,766 - INFO: 处理地图 3: Abyss
2025-12-13 00:05:07,831 - INFO: 选手数据保存: data/2025/raw/players_542203_20251213_000507.csv，共 30 条记录
2025-12-13 00:05:07,839 - INFO:   成功：3张地图，30条选手记录
2025-12-13 00:05:07,839 - INFO:   等待 8.3 秒...
2025-12-13 00:05:16,162 - INFO: [16/34] 爬取: G2 Esports2
2025-12-13 00:05:16,163 - INFO: 解析比赛: https://www.vlr.gg/542214/g2-esports-vs-dragon-ranger-gaming-valorant-champions-2025-elim-d
2025-12-13 00:05:20,024 - INFO: 队伍: ['G2 Esports', 'Dragon Ranger Gaming']
2025-12-13 00:05:20,057 - INFO: 找到 3 个统计区域
2025-12-13 00:05:20,058 - INFO: 处理地图 1: Lotus
2025-12-13 00:05:20,067 - INFO: 处理地图 2: Abyss
2025-12-13 00:05:20,123 - INFO: 选手数据保存: data/2025/raw/players_542214_20251213_000520.csv，共 20 条记录
2025-12-13 00:05:20,132 - INFO:   成功：2张地图，20条选手记录
2025-12-13 00:05:20,132 - INFO:   等待 5.7 秒...
2025-12-13 00:05:25,858 - INFO: [17/34] 爬取: DRX2
2025-12-13 00:05:25,859 - INFO: 解析比赛: https://www.vlr.gg/542210/drx-vs-team-liquid-valorant-champions-2025-decider-c
2025-12-13 00:05:30,343 - INFO: 队伍: ['DRX', 'Team Liquid']
2025-12-13 00:05:30,378 - INFO: 找到 3 个统计区域
2025-12-13 00:05:30,379 - INFO: 处理地图 1: Corrode
2025-12-13 00:05:30,388 - INFO: 处理地图 2: Abyss
2025-12-13 00:05:30,446 - INFO: 选手数据保存: data/2025/raw/players_542210_20251213_000530.csv，共 20 条记录
2025-12-13 00:05:30,454 - INFO:   成功：2张地图，20条选手记录
2025-12-13 00:05:30,455 - INFO:   等待 9.3 秒...
2025-12-13 00:05:39,772 - INFO: [18/34] 爬取: GIANTX2
2025-12-13 00:05:39,772 - INFO: 解析比赛: https://www.vlr.gg/542199/giantx-vs-xi-lai-gaming-valorant-champions-2025-decider-a
2025-12-13 00:05:44,322 - INFO: 队伍: ['GIANTX', 'Xi Lai Gaming']
2025-12-13 00:05:44,351 - INFO: 找到 3 个统计区域
2025-12-13 00:05:44,351 - INFO: 处理地图 1: Bind
2025-12-13 00:05:44,362 - INFO: 处理地图 2: Ascent
2025-12-13 00:05:44,416 - INFO: 选手数据保存: data/2025/raw/players_542199_20251213_000544.csv，共 20 条记录
2025-12-13 00:05:44,426 - INFO:   成功：2张地图，20条选手记录
2025-12-13 00:05:44,426 - INFO:   等待 9.8 秒...
2025-12-13 00:05:54,197 - INFO: [19/34] 爬取: T10
2025-12-13 00:05:54,197 - INFO: 解析比赛: https://www.vlr.gg/542215/t1-vs-g2-esports-valorant-champions-2025-decider-d
2025-12-13 00:06:01,942 - INFO: 队伍: ['T1', 'G2 Esports']
2025-12-13 00:06:01,977 - INFO: 找到 3 个统计区域
2025-12-13 00:06:01,977 - INFO: 处理地图 1: Lotus
2025-12-13 00:06:01,987 - INFO: 处理地图 2: Corrode
2025-12-13 00:06:02,047 - INFO: 选手数据保存: data/2025/raw/players_542215_20251213_000602.csv，共 20 条记录
2025-12-13 00:06:02,056 - INFO:   成功：2张地图，20条选手记录
2025-12-13 00:06:02,056 - INFO:   等待 9.7 秒...
2025-12-13 00:06:11,792 - INFO: [20/34] 爬取: MIBR2
2025-12-13 00:06:11,792 - INFO: 解析比赛: https://www.vlr.gg/542204/mibr-vs-rex-regum-qeon-valorant-champions-2025-decider-b
2025-12-13 00:06:16,514 - INFO: 队伍: ['MIBR', 'Rex Regum Qeon']
2025-12-13 00:06:16,549 - INFO: 找到 3 个统计区域
2025-12-13 00:06:16,550 - INFO: 处理地图 1: Corrode
2025-12-13 00:06:16,559 - INFO: 处理地图 2: Abyss
2025-12-13 00:06:16,621 - INFO: 选手数据保存: data/2025/raw/players_542204_20251213_000616.csv，共 20 条记录
2025-12-13 00:06:16,630 - INFO:   成功：2张地图，20条选手记录
2025-12-13 00:06:16,630 - INFO:   等待 6.5 秒...
2025-12-13 00:06:23,155 - INFO: [21/34] 爬取: Paper Rex2
2025-12-13 00:06:23,156 - INFO: 解析比赛: https://www.vlr.gg/542265/paper-rex-vs-g2-esports-valorant-champions-2025-ubqf
2025-12-13 00:06:34,220 - INFO: 队伍: ['Paper Rex', 'G2 Esports']
2025-12-13 00:06:34,295 - INFO: 找到 4 个统计区域
2025-12-13 00:06:34,295 - INFO: 处理地图 1: Lotus
2025-12-13 00:06:34,305 - INFO: 处理地图 2: Corrode
2025-12-13 00:06:34,311 - INFO: 处理地图 3: Ascent
2025-12-13 00:06:34,410 - INFO: 选手数据保存: data/2025/raw/players_542265_20251213_000634.csv，共 30 条记录
2025-12-13 00:06:34,419 - INFO:   成功：3张地图，30条选手记录
2025-12-13 00:06:34,419 - INFO:   等待 9.6 秒...
2025-12-13 00:06:44,006 - INFO: [22/34] 爬取: FNATIC2
2025-12-13 00:06:44,006 - INFO: 解析比赛: https://www.vlr.gg/542264/fnatic-vs-drx-valorant-champions-2025-ubqf
2025-12-13 00:06:48,460 - INFO: 队伍: ['FNATIC', 'DRX']
2025-12-13 00:06:48,509 - INFO: 找到 4 个统计区域
2025-12-13 00:06:48,509 - INFO: 处理地图 1: Haven
2025-12-13 00:06:48,520 - INFO: 处理地图 2: Ascent
2025-12-13 00:06:48,526 - INFO: 处理地图 3: Lotus
2025-12-13 00:06:48,606 - INFO: 选手数据保存: data/2025/raw/players_542264_20251213_000648.csv，共 30 条记录
2025-12-13 00:06:48,616 - INFO:   成功：3张地图，30条选手记录
2025-12-13 00:06:48,616 - INFO:   等待 7.7 秒...
2025-12-13 00:06:56,322 - INFO: [23/34] 爬取: Team Heretics0
2025-12-13 00:06:56,322 - INFO: 解析比赛: https://www.vlr.gg/542266/team-heretics-vs-mibr-valorant-champions-2025-ubqf
2025-12-13 00:07:05,407 - INFO: 队伍: ['Team Heretics', 'MIBR']
2025-12-13 00:07:05,457 - INFO: 找到 3 个统计区域
2025-12-13 00:07:05,458 - INFO: 处理地图 1: Corrode
2025-12-13 00:07:05,468 - INFO: 处理地图 2: Sunset
2025-12-13 00:07:05,542 - INFO: 选手数据保存: data/2025/raw/players_542266_20251213_000705.csv，共 20 条记录
2025-12-13 00:07:05,552 - INFO:   成功：2张地图，20条选手记录
2025-12-13 00:07:05,552 - INFO:   等待 8.3 秒...
2025-12-13 00:07:13,818 - INFO: [24/34] 爬取: NRG2
2025-12-13 00:07:13,818 - INFO: 解析比赛: https://www.vlr.gg/542267/nrg-vs-giantx-valorant-champions-2025-ubqf
2025-12-13 00:07:17,423 - INFO: 队伍: ['NRG', 'GIANTX']
2025-12-13 00:07:17,459 - INFO: 找到 3 个统计区域
2025-12-13 00:07:17,459 - INFO: 处理地图 1: Haven
2025-12-13 00:07:17,470 - INFO: 处理地图 2: Lotus
2025-12-13 00:07:17,527 - INFO: 选手数据保存: data/2025/raw/players_542267_20251213_000717.csv，共 20 条记录
2025-12-13 00:07:17,537 - INFO:   成功：2张地图，20条选手记录
2025-12-13 00:07:17,537 - INFO:   等待 8.9 秒...
2025-12-13 00:07:26,414 - INFO: [25/34] 爬取: DRX2
2025-12-13 00:07:26,415 - INFO: 解析比赛: https://www.vlr.gg/542273/drx-vs-g2-esports-valorant-champions-2025-lr1
2025-12-13 00:07:32,637 - INFO: 队伍: ['DRX', 'G2 Esports']
2025-12-13 00:07:32,685 - INFO: 找到 4 个统计区域
2025-12-13 00:07:32,685 - INFO: 处理地图 1: Lotus
2025-12-13 00:07:32,694 - INFO: 处理地图 2: Abyss
2025-12-13 00:07:32,700 - INFO: 处理地图 3: Bind
2025-12-13 00:07:32,775 - INFO: 选手数据保存: data/2025/raw/players_542273_20251213_000732.csv，共 30 条记录
2025-12-13 00:07:32,785 - INFO:   成功：3张地图，30条选手记录
2025-12-13 00:07:32,785 - INFO:   等待 6.7 秒...
2025-12-13 00:07:39,446 - INFO: [26/34] 爬取: Team Heretics2
2025-12-13 00:07:39,446 - INFO: 解析比赛: https://www.vlr.gg/542274/team-heretics-vs-giantx-valorant-champions-2025-lr1
2025-12-13 00:07:44,370 - INFO: 队伍: ['Team Heretics', 'GIANTX']
2025-12-13 00:07:44,402 - INFO: 找到 4 个统计区域
2025-12-13 00:07:44,402 - INFO: 处理地图 1: Ascent
2025-12-13 00:07:44,412 - INFO: 处理地图 2: Lotus
2025-12-13 00:07:44,419 - INFO: 处理地图 3: Bind
2025-12-13 00:07:44,486 - INFO: 选手数据保存: data/2025/raw/players_542274_20251213_000744.csv，共 30 条记录
2025-12-13 00:07:44,495 - INFO:   成功：3张地图，30条选手记录
2025-12-13 00:07:44,495 - INFO:   等待 6.6 秒...
2025-12-13 00:07:51,094 - INFO: [27/34] 爬取: FNATIC2
2025-12-13 00:07:51,095 - INFO: 解析比赛: https://www.vlr.gg/542268/fnatic-vs-paper-rex-valorant-champions-2025-ubsf
2025-12-13 00:08:00,810 - INFO: 队伍: ['FNATIC', 'Paper Rex']
2025-12-13 00:08:00,872 - INFO: 找到 4 个统计区域
2025-12-13 00:08:00,873 - INFO: 处理地图 1: Bind
2025-12-13 00:08:00,882 - INFO: 处理地图 2: Haven
2025-12-13 00:08:00,888 - INFO: 处理地图 3: Lotus
2025-12-13 00:08:00,981 - INFO: 选手数据保存: data/2025/raw/players_542268_20251213_000800.csv，共 30 条记录
2025-12-13 00:08:00,990 - INFO:   成功：3张地图，30条选手记录
2025-12-13 00:08:00,990 - INFO:   等待 6.1 秒...
2025-12-13 00:08:07,097 - INFO: [28/34] 爬取: MIBR1
2025-12-13 00:08:07,097 - INFO: 解析比赛: https://www.vlr.gg/542269/mibr-vs-nrg-valorant-champions-2025-ubsf
2025-12-13 00:08:10,921 - INFO: 队伍: ['MIBR', 'NRG']
2025-12-13 00:08:10,969 - INFO: 找到 4 个统计区域
2025-12-13 00:08:10,969 - INFO: 处理地图 1: Abyss
2025-12-13 00:08:10,979 - INFO: 处理地图 2: Haven
2025-12-13 00:08:10,985 - INFO: 处理地图 3: Corrode
2025-12-13 00:08:11,061 - INFO: 选手数据保存: data/2025/raw/players_542269_20251213_000811.csv，共 30 条记录
2025-12-13 00:08:11,072 - INFO:   成功：3张地图，30条选手记录
2025-12-13 00:08:11,072 - INFO:   等待 5.1 秒...
2025-12-13 00:08:16,186 - INFO: [29/34] 爬取: Paper Rex2
2025-12-13 00:08:16,186 - INFO: 解析比赛: https://www.vlr.gg/542277/paper-rex-vs-team-heretics-valorant-champions-2025-lr2
2025-12-13 00:08:22,969 - INFO: 队伍: ['Paper Rex', 'Team Heretics']
2025-12-13 00:08:23,025 - INFO: 找到 4 个统计区域
2025-12-13 00:08:23,025 - INFO: 处理地图 1: Ascent
2025-12-13 00:08:23,034 - INFO: 处理地图 2: Bind
2025-12-13 00:08:23,040 - INFO: 处理地图 3: Lotus
2025-12-13 00:08:23,122 - INFO: 选手数据保存: data/2025/raw/players_542277_20251213_000823.csv，共 30 条记录
2025-12-13 00:08:23,133 - INFO:   成功：3张地图，30条选手记录
2025-12-13 00:08:23,133 - INFO:   等待 9.8 秒...
2025-12-13 00:08:32,896 - INFO: [30/34] 爬取: MIBR1
2025-12-13 00:08:32,897 - INFO: 解析比赛: https://www.vlr.gg/542276/mibr-vs-drx-valorant-champions-2025-lr2
2025-12-13 00:08:43,058 - INFO: 队伍: ['MIBR', 'DRX']
2025-12-13 00:08:43,114 - INFO: 找到 4 个统计区域
2025-12-13 00:08:43,114 - INFO: 处理地图 1: Sunset
2025-12-13 00:08:43,123 - INFO: 处理地图 2: Ascent
2025-12-13 00:08:43,129 - INFO: 处理地图 3: Bind
2025-12-13 00:08:43,208 - INFO: 选手数据保存: data/2025/raw/players_542276_20251213_000843.csv，共 30 条记录
2025-12-13 00:08:43,218 - INFO:   成功：3张地图，30条选手记录
2025-12-13 00:08:43,219 - INFO:   等待 8.9 秒...
2025-12-13 00:08:52,071 - INFO: [31/34] 爬取: FNATIC0
2025-12-13 00:08:52,072 - INFO: 解析比赛: https://www.vlr.gg/542270/fnatic-vs-nrg-valorant-champions-2025-ubf
2025-12-13 00:09:02,089 - INFO: 队伍: ['FNATIC', 'NRG']
2025-12-13 00:09:02,150 - INFO: 找到 3 个统计区域
2025-12-13 00:09:02,150 - INFO: 处理地图 1: Ascent
2025-12-13 00:09:02,161 - INFO: 处理地图 2: Abyss
2025-12-13 00:09:02,247 - INFO: 选手数据保存: data/2025/raw/players_542270_20251213_000902.csv，共 20 条记录
2025-12-13 00:09:02,259 - INFO:   成功：2张地图，20条选手记录
2025-12-13 00:09:02,259 - INFO:   等待 7.2 秒...
2025-12-13 00:09:09,462 - INFO: [32/34] 爬取: DRX2
2025-12-13 00:09:09,463 - INFO: 解析比赛: https://www.vlr.gg/542278/drx-vs-paper-rex-valorant-champions-2025-lr3
2025-12-13 00:09:17,847 - INFO: 队伍: ['DRX', 'Paper Rex']
2025-12-13 00:09:17,889 - INFO: 找到 3 个统计区域
2025-12-13 00:09:17,889 - INFO: 处理地图 1: Ascent
2025-12-13 00:09:17,899 - INFO: 处理地图 2: Lotus
2025-12-13 00:09:17,970 - INFO: 选手数据保存: data/2025/raw/players_542278_20251213_000917.csv，共 20 条记录
2025-12-13 00:09:17,981 - INFO:   成功：2张地图，20条选手记录
2025-12-13 00:09:17,981 - INFO:   等待 9.4 秒...
2025-12-13 00:09:27,378 - INFO: [33/34] 爬取: FNATIC3
2025-12-13 00:09:27,378 - INFO: 解析比赛: https://www.vlr.gg/542279/fnatic-vs-drx-valorant-champions-2025-lbf
2025-12-13 00:09:37,717 - INFO: 队伍: ['FNATIC', 'DRX']
2025-12-13 00:09:37,774 - INFO: 找到 5 个统计区域
2025-12-13 00:09:37,774 - INFO: 处理地图 1: Sunset
2025-12-13 00:09:37,785 - INFO: 处理地图 2: Corrode
2025-12-13 00:09:37,793 - INFO: 处理地图 3: Haven
2025-12-13 00:09:37,799 - INFO: 处理地图 4: Bind
2025-12-13 00:09:37,885 - INFO: 选手数据保存: data/2025/raw/players_542279_20251213_000937.csv，共 40 条记录
2025-12-13 00:09:37,897 - INFO:   成功：4张地图，40条选手记录
2025-12-13 00:09:37,897 - INFO:   等待 9.9 秒...
2025-12-13 00:09:47,844 - INFO: [34/34] 爬取: NRG3
2025-12-13 00:09:47,844 - INFO: 解析比赛: https://www.vlr.gg/542272/nrg-vs-fnatic-valorant-champions-2025-gf
2025-12-13 00:10:01,953 - INFO: 队伍: ['NRG', 'FNATIC']
2025-12-13 00:10:02,098 - INFO: 找到 6 个统计区域
2025-12-13 00:10:02,098 - INFO: 处理地图 1: Corrode
2025-12-13 00:10:02,108 - INFO: 处理地图 2: Lotus
2025-12-13 00:10:02,115 - INFO: 处理地图 3: Abyss
2025-12-13 00:10:02,121 - INFO: 处理地图 4: Ascent
2025-12-13 00:10:02,130 - INFO: 处理地图 5: Sunset
2025-12-13 00:10:02,314 - INFO: 选手数据保存: data/2025/raw/players_542272_20251213_001002.csv，共 50 条记录
2025-12-13 00:10:02,326 - INFO:   成功：5张地图，50条选手记录
2025-12-13 00:10:02,327 - INFO:   等待 5.4 秒...
2025-12-13 00:10:07,695 - INFO: ============================================================
2025-12-13 00:10:07,695 - INFO: 2025年数据爬取完成！成功: 34, 失败: 0
2025-12-13 00:10:07,695 - INFO: ============================================================
2025-12-13 00:10:07,707 - INFO: 汇总报告保存到: data/2025/crawl_summary_2025.json
2025-12-13 00:10:07,707 - INFO: 
2025年数据汇总:
2025-12-13 00:10:07,707 - INFO:   year: 2025
2025-12-13 00:10:07,708 - INFO:   crawl_time: 2025-12-13 00:10:07
2025-12-13 00:10:07,708 - INFO:   all_matches.csv_records: 34
2025-12-13 00:10:07,708 - INFO:   unique_matches: 34
2025-12-13 00:10:07,708 - INFO:   all_players.csv_records: 880
2025-12-13 00:10:07,708 - INFO:   unique_players: 81
2025-12-13 00:10:07,709 - INFO:   unique_agents: 23
2025-12-13 00:10:07,709 - INFO:   unique_maps: 7
2025-12-13 00:10:07,709 - INFO:   all_maps.csv_records: 88
2025-12-13 00:10:07,709 - INFO: ============================================================
2025-12-13 00:10:07,710 - INFO: 合并多年度数据...
2025-12-13 00:10:07,711 - INFO: ============================================================
2025-12-13 00:10:07,719 - INFO: 加载2024年选手数据: 860条
2025-12-13 00:10:07,727 - INFO: 加载2025年选手数据: 880条
2025-12-13 00:10:07,745 - INFO: 合并选手数据完成: 1740条
2025-12-13 00:10:07,751 - INFO: 合并比赛数据完成: 68条
2025-12-13 00:10:07,753 - INFO: 合并地图数据完成: 174条
2025-12-13 00:10:07,753 - INFO: ============================================================
2025-12-13 00:10:07,753 - INFO: 多年度数据合并完成！
2025-12-13 00:10:07,753 - INFO: ============================================================
